123456
12345678
4534MLSSDAS
spanner
123456789
password
1naWe25HyyJ
rocker
distributor
flywheel
piston
bigend
sprocket
tappet
kickstart
sparkplug
toolbox
gearbox
condenser
camshaft
spring
imgod99291@
exhaust
clutch
shamrock88
qwerty
Chris1234
1234567890
indieclub
1234561
picture1
dynamo
1234567
simon1982
000000
qwertyuiop
123123
elijah01
Lakers24!
azerty
iloveyou
qwerty123
lesly0401
111111
soleil
houston3
password1
102030
1234567891
qwe123
bismillah
loulou
caroline
654321
doudou
kallie01
unknown
sdlc1234
lily2015
princess
michelle
qwerty12
sunshine
1q2w3e4r
starwars
trustno1
stnkyft05
pierre
camille
charlie
shadow
pokemon
snyder128
asd123
123123123
112233
abcd1234
abc123
lol123
superman
jennifer
nicole
slayer
daniel
0123456789
internet
1qaz2wsx
Postal21
linkedin
ticketmaster
Links123
vincent
987654321
football
charlie1
thomas
qw123321
juliette
diego123
nicolas
