123456
password
123456789
qwerty
12345
hhhh1234
12345678
Abcd1234
123123
111111
iloveyou
1234567890
1q2w3e4r
1234567
112233
D1lakiss
stratfor
000000
Groupd2013
chris0798
Password1
randy1977
1234
Halmstad1
abc123
1qaz2wsx
test
1122334455
SZ9kQcCTwY
startfinding
zaq12wsx
112233445566
Signin123
qwerty123
sunshine
azerty
Ferrari123
ChickenServices321!
MarvinIstGay
123321
07031188
654321
dragon
portu
1q2w3e4r5t
666666
Reidemeow1
Clement78
jordan23
123qwe
welcome1
Taylor123
hamster1
qwertyuiop
football
Monster05
Passw0rd
whoamiiamenagnettester
q1w2e3r4
trustno1
butterfly
asdf1234
blue22
zulu1949
310869
j38ifUbn
14181418
17t99xfx
srieram
neAzbONIV
zxcvbnm
JulesCas!
12qwaszx
pjads556
Corona4everbbd
rosysouza
200625
monkey
sao12345
Tavares1
nroberts99
doudou
1234qwer
qwer1234
acireale12
internet
1q2w3e
buddaman
adsadsadasd
Kattens1975
121212
nysokk
master
Daniel
qwe123
india123
loulou
thomas
cswl1082
shadow
