!1Fldwotp|
!Marissa9
!m123k456
#Amanta234822
#Ddt12345
#Ila9mlwct
$R71bbrd
(123abc)
**Jayden06!
**ahatahat**
*Adpatel29185
-12-12-12
.123456789i
.dejonq554s
000000
000009
00001907
000053
0000787
000111
00030003
00060006
001002003
00103212
0012300123
00130013
001323
001453
001453enes
001544
001546
001712
001973
001978
00198300
001990
001991
001993gs
002000
002005003
002206
002387
0032132100
003640
003657878
005360
005642rap
006984
007700
007@omar
008672384472m
009392
009988
01007022320
01010101a
01011980
010203
01030103
01031974
010384
01040104
01042006
01061983
01062005
01062014Mf
01071982
010843
010901
010berkin
01101977
01110011010110
01111980
01161983
011983
01210570045Aa
01229893567b
01230123h
01233210
01233210m
012345
0123456
0123456789
0123456h
0123654789
0123ahmo
012563626253
012600157
01261314
01302123
0147852369
0147896325b
015300
0166441695Sy
0175570893
0182320313As!
0182is7899
0185272907
019381
0196029799
01980198
0198749yp
01Simo01
01a01gs
01dds001
0201010275
020103
020302120
020304
020369
02041995as
020505
020522017
02061987
020620064
020687
020784
02092001
02102001
02112005
021188
02124307290
0212610
02163319575
02271989
02362201aa
02472019
02563137675
02580258x
02588520
026094844
02610261
027302
029282892
03007383634
0301154
030200020
03032004
03051997
03071996
03091993
03111789
03112010
031467073
03154503384Ze
03156gs03
031995
031997
032039033
033161
03336954238
03460346
034959Das!
036792
037720
03800224
03@Family
040117041
0404onur
04051996
0406070013
04102002se
041864137228
043606009
04512422280.
04531048
047ae781
050077
050100
05014036
050200099
050205057
050284
0503573056Jr
05041979
05052371817
05052689771e
05057624490
05058708465
050594034
05064935280
05068545584
05069338180
05075723107
05082002w
050982
05102002
05102029
0511007052
051105
05111994
0514218024
051802
05281020
05306964921
05312047241a
05312183507
05315105464
05319814882
0531cesar
05320533
05322640372
053246747231
05326670589
05336339294
05341_gs
05343435185
05344937285
05346059935
05352133913.13
05352197816
0535257abc
05352714332
05355024618
05356396302a
0536224e
05363003366mert
053634755
05364069773
05364548759sd
05365709123
05366231019
05367737504
05376524141
05378114
05384939347
05385246696hs
05386759518
05387003970
05395795486
05397363354G
05399773745
05412065957
05416452549a
05424165355
05424222582.
05425768788
05427971046
0542omer
05433765251
05442299660
05442400411w
05442842044
05445109519
05446084310
05448598223
05449587691
05452062591b
05452148445i
05453074278
05454351900
05459289499
05459429291
0545veysel0545
05462632342
05541541591
05546959674
055490488510
05556127128
0566127196
0571145354
05890589
05977172
060105
06021994
06041983
06051989
060606
06061993
06062011
060672
060704
06070607
060802kaan
06081967
0611Xiang!
061204Zp!
06121989
061296Pon!
061506011
06169052
061984
06301989
065212111
0654489120
06556taner
06810681
06ZGZ22
06ap9142
06by1091
06koj87
06umut06
070323775ogu
07041985
07052005
070707
07071970
07071983
07071987
07071990
070766mk
07081997
071015ee
07102001
07121998a
07145735123
0721002043
072134
0729Chocolate
07320106
075250303093-0
075387
07592640
07701754
07950795
07Emre42
07_can_07
07antalya
07t5362h
08042200
08061979
08062007
08065578339
08081981k
0808281033
08088997
08091989
08101982
08122000
08151234
08166245147
0820jones
084756810
08541446
09/03/2549
09021781270
09021985
09021986
09061984
09082002
09091989
090989
09102009
091079
09125583906
091283
0916antalya
091981
092301cassandra
092746
095858
0962228246
098153
09Mei2000
09cix09a
0asdaffa0
0kcu051
0lumlu19
0m3yy56
0qwe0asd0qwe
0y1173fer
0yRAlW5G2LpLEqBnMvnjk5nm3
1!Kingking
1$Tigger
1,2,3,
1.iki.3
1.praywhile0
100001341
10011001
10011981
10011988
100139
10021986
100254
10041971
10042003cenk2
10051905
10051986
10051988
10051992
100601076
100681
10082008
100899a
100904mk
100909
10101010
101010a
101010miri
10101974
10101982
10101986
10102020
101080pv
10131013
101986
10201020
1020215094
102030
10203040
10203065978
10205207
10211021
10211021e
1021774
102314LoveD
10231987
102626
10271027
10310912030
10341518
1040093
104114
104158
104488sc
1045804019
1051906
106347
1065575
1066104025
10707Dylan!
10710712
107591
107eee
10844mad
108500086200
1090298
10908070
10911091
1092858chw
10950673061a
10991099
10July88
10Mart1994
10joca10
10qoakzm
11021102A
110217594881349
11021975a
11041104
1104603
110480
1105050
110777
110805
11082003
110987
11101988
11102001
1110301326221
111111
11111111
111111111111111
111111musti
11114588582d
11121112
11121994
11121995
11121999
111222
11126725
11141114
11191119
111959
111997
111emircan111
11200288
112004
11202111
112022319
112233
112233123
11223344
1122334455
11223346
11225588
1123004spd
112358
11235813
1123587123g
11253800
11341134
113894
1142078ben|
114222Aa
1146323e
114724844
1150076
115498
11571157
115800
11581209
11601160
11603080
11621059a
116677334499
11676742
1178239m
1181703
119200
1192ce32
119911991
11996655
119977@Ya
11BRAVO1p!
11Dragon!
11Methodman
11aa22bb33cc
11e24g37e
11mart2014
11qqaaZZ
11sa11
12002106021As
120123456789
120174
1202252
120282
1202jc
12040005
12056324
12071982
12081983
12082003
12086467sS
120884
1209eren
120ppmH2O
121014
12111973
12116509544
121188wH
121212
1212123
121212Aa
1212131243a
12121322
12122003
12122006
121221
121227
121279
121299
1212adlen
12131213
121314
12131415
12141728x
121436
12164524
121963
121981alp
121991
1219997699
1219meow
12210770
122112
122333
122448
122470Nf
122899cal
12301230q
1230456a
1231214
123123
1231230bb
12312310sk
123123123
123123123a
123123123s
123123123tr
12312312fb
1231232
1231234
1231234mert
123123Ee
123123aaa
123123asd
123123emir
123123enes
123123er
123123l
123123qwe
123123qweqwe!
123159
123176
1231948d
1232512325
123321
1233210
123321123321
1233213efe
1233214321
12332145
123321ar
1234123
12341234
1234321
123451234
1234512345
123453474
123456
123456,
12345600
1234560i
12345629032002
123456456
1234567
12345678
123456789
1234567890
12345678900000
12345678910
123456789789
1234567899
123456789987
123456789a
123456789b
123456789c
123456789e
123456789f
123456789g
123456789gs
123456789h
123456789k
123456789m
123456789may
123456789o
123456789qw
123456789re
123456789t
123456789tk
12345678a
12345678s
1234567kml
1234567o
1234567w
12345688e
12345698a
1234569onk
123456aa
123456asd
123456asdefe
123456e
123456efe
123456halil
123456ii
123456makas
123456nihal
123456ssas
123456w
123456x
12345890
123459
12345Asd
12345Yucel
12345a
12345mehmet
12345r12345
12345saadet
12345sobe
123467musa
123487659
1234Manoj@
1234k5678
1234qwer
1234rewq
123555
1235789
123585654321
123612361236
123654
1236540258
123654789
123654789++
1236547890
123654789a
123654897
123654Mm
123673
123676a8a
123698547
1236987
12369874
123698745Ed123
123789456
123789654
1237batuhan
123@anjing
123Hasim
123QWer789
123Snake
123Tkn456
123a123a
123a456a789a
123abc0XD
123alikhan
123araba
123as123
123asd
123asd123
123asd123asd
123asd789
123asdasdww
123asddsa
123aslan
123beanbag!
123bur456cu
123can123
123e123e
123ege123
123ercan
123ero123
123fb123
123fener
123hasan
123hsyn123
123ismail
123kaan123
123kral123
123mehmet123
123nanda
123pen
123qwe
123qwe123
123qwe123qwe
123qweKSK
123qweasd
123qweasdzxc
123talha123
123toffee
123yusuf
123z123x123c
12411577
12418989
124578
12471247a
124730118
1247712477
12501250
1251601Contra
12529347474m
12531253
125697
12581258
125874
12591238
125Youaremybff
125mr303
126124032
126270
12651265
126601Dev
1268429
1272008
127241
1278hb
12791279
1280262
128553
12863523
12869520
12893287
129598
12991299
12991299a
129944
12LYDIAng
12Rowena!
12ab1212
12devadam
12laser12
12qw12qw
12qw34er
12qwaszX
12skalgart
12we34
13011994
13021983
13022448644
130256
1302938943Aa
13052002cagin
130604
130609
13061982
13061984
13062005
13071988
13071999
130801
13081983
1310ata
131198
13121312
131298
131313
13161319123
13191319
13197959555
131engine
13227serhat
132435
1324657980
13312442
133169
1336610
1337Hax0r!
1340510
13411341
1346795
1346798969
135246as
135790
135790erthjk
1357911q
13579246
1357924680Reedaa
13579518462
135798642
1357986420
13579asd
135922881a
136013055e
1364261f
13647200
13711371
137600
13845593
139345
139CbphtlO
13baran13
13onuc
14011997
14020304
14021996
14022011
14022012
14026183432
14031976k
14031986
140398
14041912
140481
140587
140604
14062002
140677
140703
14071982
14081992
14089197
1409901607145
141173
14121979
14139844
141414
141513
14159265
14168163725
14171417
141827
141907*B
142130
142536qwe
1425e93g
142888
14331433
143528
14352don
144290
1446a4a6
144__dilo
145*145
1450878331
145145145a
145236
145300
14530000
14531453
14531907
14533541
145369
145385
145386
1453enes
1453istanbul
1456320
14587145Fr
145896
146295
14654614988
14671467
147014a
147147147
147159123
147236
147258
147258369
1472583690
147258369156
147258369456
147258369r
1472586
147369
1473690
14752022272
1475369fy
147552recep
147789
147852369
14789,,
147896325q
14789652369
1478oyun
1479631998
147fur369
148148_7b
148368852
148419
14921492
149223
149768
14Asdf14
14juni2011
15/07/1989
150100
15011989
150150
150300
15031971ijj
15031972
15054322u
15071970
15091981
15101989
15101996
151273
151506
151515
151814
152144
152151905
152976
15301530
153123
1531241eren
153246153246
15361536
153640
153759kero
153826
15383916084
15401540
154154as
1541bbh
15421542
154848
155267
15541554
1562347890
15642142898a
15678912
15703590
157311
15741520
15741574
1574cavzod
157880bk
157953
157953157953
158500
158548oktay
158924673
15901590
159159
1592648
159264873
159357
159357123
159357258f
1593578462
159357852
159357852456
159357ad
159357memo
1593663480
159511905
159619
159632123
1596335741
159753
159753123
159753123y
159753135
1597532468a
159753258
159753258456
159753456my
15975388
159753aa
159753as
159753zx
159756
159874
1598741997
1598753
159875321
1598753asd
159951
159951159
15995123a
159951AAAA
15c7436D
160019
16011966
160198
16021985
16032007
16041987
160603
16061999ba
160801
16081907
161083nick
16121980
16121995
16122004
161610
161616
16167272
161965
162101DT
16221622
162314
162685
163724312
16412135ay
1644esra
1653MERT
167456258
1677612
168335
16Bursa16
16tfo1sPqO
17021994
170228091987
17031990
17041989
17042009o
17051971
17071987
17081996
17081997
170835
1708Fernwood!
17091979
1709sk
171099
1715128889
171717
17171717
171975
171efe
17219920i
172839456
1731983
17361736!
17371737
17392846a
174318sec
174378
174530
17561231
17561756
175rgr
17661766
178043pxk
178505
17Hands4me
17elisabeta
17hy366
17lodboy88
18021974
18061994
18081985
18081994
18101995ak
18102000
181074
181219821982
18141814
18181818
1818courtyard
181971988
1820187825
18291313
18348168
1842571050
18457871326
185812
18613681
18686671070
18725246Av
18738192
187518
18802127
1881-1938
18akn57*
19005965
190110
19021988
19021991
19031070
190319
19031903
19031907
19031991
19031996
19032008
19033123
190333
190387
1903adana
1903baba
1903bjk
1903bjk...
19041990
1905.casnu
1905123m
19051501
19051809
19051905
19051907
19051981
19051994
19051998
19052000
19052006
19052525
190531225
19056322
190582
1905GS
1905_gs
1905eren
1905galatasaray
1905gsgs
1905sahin
19071907
19071983
19071991
19071993
19072007
190740921
190778
190795
1907fb
1907fb12
1907fener
1907fener16
1907yusuf
190860022ii
19101996
191066
191586
1916621os
19184481994
19201833
192356
192418Cm$
19241924
19251925
19251955
192837
192837456D
19372468
19372684
194000
1942001
19461946
19491949
195619661988
19578sez
195F6E05a0
19611987
1964192436126
196467
19660903jk
1966Ddart!
19670055
196784
19681968
19684758558
19691969
196963
197035
19711971
197269
197275
197352468
1973535k
197354
197382465ASL
1973meyra
197400
19741207
19741402
19741923
19741974
19744791
197474
197500bb
19751975
197546431
197600
19771907
19771977
19771980
19774910132
197777
1977861453
1977zinm
197816
19781978
1979yuksel
19801905
19801980a
1980qazwsx
19810602
198111
19811981
198181
1982Mb11
1982yp
19831983
19831984
19831996
19832044
1983haithaM
19841234
19841984
198484
19851599
198519
19851985
19851985q
19851989
198555
19860502
19861905
19861907
19861986
19861990
198620
19862000
19862525
198654
19866891
19871313
19871453
19871907
19871987
198752
1987705
1987_dynastc
1988166
19881868
19881907
19881996
198900
19891961
19891989
198920
1989394
198989
1989ha
19901903
199020
199085yucel
19911960
19911991
1991Basketball!
19920612Snake
19921905
19921907
19921992
19921998
199227
19931905
19931967
19931993
1993Hsen
19940409
199414789
19941633
19941907
19942828
1994gs1994
199513
19951486
19951995
19952009
199595
1995rashit
19960413aq
199606
19961996
19961996123uph
19962306
1996kubra
199706
19971907a
1997200
199725071616
199733
199782
1997as
1997bjk
1997simurg
19981021Yulieth
19981998
1998219982a
199835601234
1998alper
1998limya
1999.melis
199901
19992004
19Compaq95
19moses87
19mustafa
1@Brothers
1Baconyum!
1Blackend!
1Blizalka86
1C4ru527
1FcnykG992
1Godlovesme!
1Majorpoo!
1Owir2n9lQ
1Propain1
1Qazxcvbnmko0
1Shaelyn
1__Ahmed
1a2a3a4a
1a2f3e4e5b
1a2s3d
1a2s3d_1a2s3
1aLparslan61
1alex81
1azahmet
1crazygirl
1dforever
1ekim2000
1gold1k5b
1kaptanoke
1karadag
1karpov2
1m0ls0n1
1mustafa
1najo1ana
1nando25
1ol1ol1ol
1ozzie
1pinkie
1polaricat
1q2w1q2w
1q2w3e4r
1q2w3e4r5t
1qa2ws3ed
1qa2ws3ed4rf
1qaz2QAZ@
1qaz2wsx
1qjNol8o3O
1qw22wq1
1sandrahady
1sen1ben
1uhQv9b1bV
1v7Upjw3nT
1w11w121
20001210281
20002000
200100
20011965c
20011978h
20011997a
2001785785
200187
2001ogibaba
200209
20022002
2002256005
2002317017
200305
20032003
20032003123
20032007
20032009
20032011
2003461012
20041997
20042005
20042009dz
20042014ata
20044484
20050090
20051977
2005cengo
200600
20060429
20061572
20061986
200700
20071987
20081985
20081986
2008Hummer
200900
20091005
2009everton
20102001
20102006
201098
201173
2011Gr@d
201293
2012zed
2016oks
201995aslans
202010882
202020
203720
20375811
2042124496
20426171
2043334
20603010
206206
206384217
20665459210
206957
20751968
20842084
2094harvey
20982375
20Januari
20aleyna03
20fb21
20oozden82
20temmuz
20yasin20
21001034528
21011944
21011969a
21011995
21022272862
21023428
2102805.
21031980
21032006
21041998
21050904
2106030033
21062000efe
21062001
21072001
210777
210780
21081993
21081997
21082005
21092811
210972pa
21101983
2110321
21122003
21122006
21122010
211453
211744
211961
212121
21216363
212215
21222122
21232123
2123434
2123909
212526
2125853
212613
21261983
2127230
2128457a
2128501
2129820
2130071
2130704
2131070
21342134
2134946qw
2135204
2135861
213813
2140815
2142113
2145021qw
2148504
214ert543
2152992
2153469a
2154042
2155959
2158161sxs
2162273bu
2163786399
216406
217045650
2177427
2189741
21902190
21Unique21
21ac842
21ekim2000
22003046Aa
22011981
22011997
220285
220303
22041977
22051974
22051981
220550
22062006
2207311
220922
221105
22112211a
2212212
22123504Mln
2219562
221995
2221464
2222110018
222222
2224287
222444
22312231
2238234
224422665544
22446688a
2244824h
225588
2256728
2256864
2256885
2263125
2264838
22666nd
22712271
2271311
2274996
227622
2283088
2284054
2286001
2288426
228956
2290269*
2293297
22950366
22Noodles
22cimbom
22zezoo22
230023
23012002
23021974
23021982
230302
23031981
230344
23042005
23042009
23051978
23052000
23052006
230585
23061002
230683
230744
230800
230881
230909
23091986
23091997
230979
231011
23101995
231056
231196
23122312
2312532
2313284
2314086
2315546
231979
23199132
231ee231
232323
23282912
2334148
2334665bb
23403314
234343
2345243
2345432
234691
23473832
23473840
23480123
23486364152@Ay
2354276
235698
23586789
2360329
23605931
2360615
23622362
23654780
2375060
23762376
2379131
23810567136
2385376aa
23911308
2392911
239418
23emircan23
23mart1983
23sinan23
23t67mz
240483ant
2405005824
240503
240676
241098
24112003
241167789azz
241173
241197
24121988
24121996rey
241224
2414181can
241995
241Maple
2426600
24266054Vida
2427702
243105944
24327344
2449553
245250
2453828
2455cane
2468101214
24682002816a
24682468
246890
247094
24772477
24782636
2478885
24823385656
2484158_r
248625
248775
24919472604
249564
24mart
25002500
250111
25012010
250192
2502341
2502522
25031965
2504156
250502
25051955
25051988
25061981
25071985
25082002
250877
2509169emir
2509mrt
25101987
251080
251172
251183
251214
25121976
25121999
25122512000
251276
251304
2513621
2514646
2514ahmet
251612
251970
251996
252002
2520698
2521600
2522525225
25264800
25282528
253838
2549692alex
255075100
2551690
255240
255300
2555897
25582558
2565725aA
2569636a
258000
258025
25802580
258071
258096On
258258as
258456batu
25878989
2588345
25884altug
2595754525
25emel
25f128c8
25fd2d85a
25hasan2525
260284
260288
26047529892
26051979brk
26051985
260602
260707
260778
260798
26081708
260903
260980
26121975
261411
2615230
261601
262071
262626
2626Er20
2631711
26392860848
26403607Az
26522652
265424953mrt
265879asd
26635201162
267267
26862686
269113
2691533
269529630
26DecMay
26atakan26
26c2seaz
26fh906unosx
270013
27011998
27021989
270396
270400
27042000alper
270509
270519977714
27052006
27071995
27092002
27111998
271227
271280
271294
2713261
271b4bd6
27322713838
27431490461b
275282500a
2766323
2787122
27901201282m
2790182
2793782
27dec1997
27kggSv1tH
27romain01
28012001
28012008
28052003
28061998
28071989
28071996
28081998
2810300ys
28111987
28138263722
281984
282103
2822438884
284002466
28451042
284686
28579772142
2859287
28645447
286928
287102
288686
288733
28921334
28Tannor
28august
29051453
290586
29071971
290904
29101970
29111995
29112002f
29112011
291185
29121993
29122010
29182918
292000
2925082
29254198
29462946
29468766
2949924
295175
29587895250
2973033
29755297
297603
29772977
2980055
299299
29ekim
29oksimer
2Elizabeth!
2F47aahoaY
2Lfqen5x1E
2Pickles!
2Rarmian!
2a4h6m3e8T
2au59dwc
2b10012003
2bft233e
2c1999
2coolpugsPlan
2f4a3ruk
2i7Ja2bjyU
2k21028
2w3e4r5t6y
2w6feSq5kB
3001ADANA
30032002
30032005
300405
30052002
300578
30081995
30083008
300884
30111998
3011515
30151975
30173234834
3019973
30229301640e
302302
30345099
303voando
308864
30911903
31011992
31011994
310166
31031996milena
310399310399trol
310510
31051974
31071981
31072003
310781
31103110
3110919743
311288
3113886
311600
31170harun
3117131
311984000
3121645
3124160
3129987
313131
31313131
313131ss
313132
313233
313437asd
313500
3140290
314pi2857
3150045
3151415a
315454
3155122
31553824
3185862
31873542946
318hkpatel10
319300
31p5p800s
3201179
3209dd
320a2df0
3210341
32123456
3213090
321321321
321400
321456987
321460
3215565455
321597456321m
321654
3218500matin
321carfi
3220040
3221542
3222629
3223570
3226011
3227031
323232
32333233
3233469
3235032
3237254
323erdo323
3252120
325266
3252911
325325
32643264
326528sasa
32663266
3275236
3281800
32843284
329174101
3295765
3297520
329900
32dqwpp5KA
33093309
3314898
33218255
332211Jj
33231988
3323umDM
3331671
333333
3333333
333435
333666
3343memo3222
33453345
3350417a
335588
33573357
336336840840
336415336415
33653365
336633
336fur
337033
337997
339531
3395824sak
3399216e
33Free33
33Mersin
33iQin33
3400104562
340226
340300
3403998
3412423
3414863
34187517
341907Fb
342256
3424463
3427557
3434652
343658453
3443153
3453637
34553187512
345667
345757
34575943d
3457samet
3459817epsfat
3459954
34673467
34726311
3484040
34914424
34Fs1546
34burak44
34dp9953
34ecm988
34ef4305
34fb1907
34fhu62
34onur58
34ub9801tahi
34ud2944
34ug7278
34vud61
34zb828
350202
351153
351196-Yk!!!
351262
351635
3517938
35195764
3521034
352415
35317202250
353333
353502
353535
353637
353698as
35373537
353944441582
354114
35akdemir
35d54eba
35ff1462
35ksk35
35s90214
35sd750
360200
3609699
3609725
362123
362514789
36294597
363098
363636
36413641
36463646
36523652
3652764
36574019780
365874abc
36638065210*
367248291
3673716
3674729
3684851
36962062756
369874125
369963
36batuhan36
372170
37483273096
37483748
375400
3755561
37623762
3763148
37633400242
3766736
37723772
3776751
3781891a
3786777
37vealpol
3802fb
38161269714
3819452
381980
382000
383838
384000
3856457
386777
387387
38823882
38913891
38de101
38kayseri
38rv004
390sirius
3914145566
392817456Gg
3952671223
395717495Ea
3I2gv1todU
3Jpbw7hb
3Odi15ngxB
3d8Cubaj2E
3d8kurti
3f8330ba2
3g1gk4PsoF
3kbD5za9rJ
3krs7Y8nvF
3kzv6Lh6bL
3ln5f2c7c
3m1a2014
3mar5irm
3odi15ngxb
3r01nm4n
3rJs1la7qE
3scompany
3vf9o7woHF
40054005
4028341
403520
404040
405479
40900103456
40901393
4100152500
41017700s
41030050924
410300dK
4122562
4122601
4126198
41318101010
4132e04e
4135529
413596aZ!
414141
4142530
4143393
4152540
415263
41544154
4154453
4157662
4159422
4165869
4181992
4192154
4193942
4196015
41alp1251
41z6ZpftlV
42-mevlana
420050
4201914
42110200
4214526
4222734
42278692
42300324
4235044
424424
42485391
4255886h
4271103gs
42821317efe
42886940qq
42895401418halil
4291548
429267
42d5345f
42lodnaR
431215aa
432676
4326800
43525292
4354654
435826
4373367
439092
4392598
43baking47
4414275
4426764
4438315eda.
4441444
44441966
44524452
445435An
445844
4461414
446544
44844484
448822_60
44Kwktu8hN
44burak34
44fisojp5c
45114Dean!
45147637
4514p29kl
4516544
45214521
452eren8312
45330673
453453
45381512
4545313
45454566
4552570
4554710
4555083
45604560
456123
4561870
456321
456454789
456456
456789123
4569852
456ecel456
460460
4616430
46181664za
46201678228
4620169
464712
46504650v
465798Jb!
46704670
4671960
4672922sa
467c9bb35ms
4706016
471528693s1
4720818
4725584
473473
473776
47386652
474578
47478441
475400
4755PS2
477010032
477623
478688
47op74
4802447
4814257
4815639
481861
48286500722
4841334
484234
4847065
48474847
48514851
4855144
4871293nur
487487
489119
4902850
49123871982
4913asinan
492357816
49363680
4953515
4962575
49726190930
4991995
4Michael!!!
4Q2kAkI1rc
4YQsyIpRxK
4k2qrso4v
4k2t7gjoFS
4measure
4n4n1s2m1995
4obQelt74A
4wllwgmic
4yrrhq2Q4R
5002123aM
5018ab
50208355
5024723b
5040780
50498676145133
505000
505151ver
5054509235
507e4cs8x
508137
5101564
5103045
5103221asd
5111993
5118666
511980
5120863
5123563
5123984
5129176
513449
5141053
51529178480
516123305
5163779
5171168g
5206854
521512
521977
521984
5224071
522722sy
5231471
52325232
52346786
5235741230
523644
5243929
52516163076
525200
525226
52530254
5265323
526978serhat
5277153
5279805
52936549788
53199135
532256134
532535
5325871123
5326015173
5327167870
5334402926
5340177
5342419445
5353235
535353
5354538713S
5356432538
5358427502
536884
53755186000tr
5385940388
53rize53
540000
54003030
540085
541988
5432491
5432A5432a
5434937
543580asd
543771orcun
5445566336698
545400
54543434r
545454
5455153
54608284
5460can
54611340
546596
5475213
549314
54sefe54
5510021
551295John
5521256
55305530
5542100A
5542nm00
55445544
5547033453
555202
5553113513
555555
5555588888
5555589232
5556051056
555anan555
5560453
5565beko
556633
55715831262a
5572505
55849016996
5594356
55adem55900
5608803
5621326asd
56221373188
5649121
5652120a
5656508
565656
5668000
56692025128
5684417
568800
56892323bn
5697314Goh
5705168
571732
5732981
573552
57379440
574196
5747897o
5785617
5787092
579744
57Kep123
5804870
5810971
5816874
5816905
58174557158
58185818
581981
5821310
5830887C
583618
584584
5858564c
585858
58586868
5883636
592a3866
59317129*
59490375
596786
598240Th|
5996380
59zeyneP
5AVrxsiEi5SPwjOuCkDkOWq6i
5Kywalker
5OvAkNx522
5PO3DB
5bkoyr8381
5hr3hj4133
5iUFrJH273
5jS34uewlZ
5l9tv71wyy
5n9Rnf3kqY
5qw82ee4
5rp2e5rp2e
5snn2kF5yN
5xq57cGseB
6015hakan
601797Naz
601rishi
6020b4cts
60236023
6062816
60882900
60tokat60
610000
6112002
6112818
6114041
61437073
6151342
615z82hbq
616084
6161267
61613131ts
616161
6162012
6162468
6163228
61695082
6172422
6180bb
6182872
6194109
6194489984
61uqwUx589
620807
621001
621044
6230626ek
62368912Mk
6241521
6251993
6256369
62936293
6307968
631284
6315871
632063206320
6320922
6323324
6328315ahmet
63498600
635148105
635241
635710
6358254e
63626362
636363
63656769
63725226
6389922
6422417
6440017
6452004ka
6456niko
646464
64739498
65046504b
65074262199
65246524
6540244
654321
654321gg
654321mn
6545141
6545457
65472ber
654asdzxc
654jagler
65506550
6551161210
6560835q
6573372a
659165Aa
6617376
663240
6638960asd
665822
6662904
666666
666945
66806fc1
670200Mm
6718503
67486748
6751867518
6758013
677336
67as422
67bjk67yg
67eve191
6806acun
68085127
682547149
6832553
6843274
684607
685904
6872824525
687704
688g5456796
689125hk
68922509
6902656or
69236923
6950746
69536953
696021
69922208536
69Skittles!
69ef010d
6Acaxa54bE
6Mhwyz895
6Sixtimes!
6cafe063
6o0i2a2a
6td6Onk8lX
6y0bchi5
701942
70324760159
7046051
70530630i
7074000
708090
709907
7101788
7114577
7123469
712600
7133199
7142136
7149455
7151672
7153901
7156147
7169003
717305
71b13d17
72466903683
72525369can
7256683
7258782
7269benten
727272
7288249
733128
7341714ys
735626
7373773
737kkbLskV
741230
7412369aa
741258
74125896300
741852963
741852963eb
7419632580b
741ghengis
742416
7454317
7456891023
7467122
74apbeAG
75228074
753159aa
7536984120e
753852456
753951
75427542
75447544
755412as
756lili
757575
758758
759934
75gpUeki9G
7614871
7624586
763028
7654321
7667899
767477
768276
7712820
771980
7730173
7737830976
7745065
7777777
777805
777902
77807780
778845
778899
77cq7tYuaK
78007800e
7817993
782547123
7825652
78361604
784512
784512aa
784828
786786HsK
787200
788722
789123
789123456q
789376
7894490e
789456123
7894561230
7894561230s
7895123
7895123q
789852
789852456
789987789
79497949
7951778k
79546375
7991579
7ACRES
7frances
7h321m2THREE
7htk7x45c
7ineedmoneY
7kidsnow
7x4pxEyj6V
800020719
8010056279
8015323
806084
808183
809579
809973
8102375
8110402
8121188
8123ja1dca|
8124Redsox
8125525ab
813544
8146229
8150828
816249875354
817303
81833003
8183927691
819819
81998seb
8202278
82092623535
8213680
82421990
8254625@
82918291
830125
83565808
8364985Mah
83788378
838345
83ar13rl
8421333
842441
8425d392
8456231sezer
846100
84643952
84818481
848484
85208520
852258
852369
852456
852852asd
852963741
852963741a
853644
8542290176
8546370a
8557861
8558283
856471
8577584a
85nh4ZjzoP
8616901215
86224003
8632082
8652316
8658554
866497
8667Real
86868686
8702545
871411
8720006
87228722
8746465
8761002
8762286
8765045
87742123
8785240
8787pw
8798835
87Futures
882788
8847334
886hakki
88731397
88888888
888ntk88
88909088
88941554
889889dano
88hz3645
890dfg567
8938982
895623
89588812655
897564231
897noinu
8983482
8November1995
8Pf7t1dirR
8buick33
8eJozcCP
8ekhyzfd
8george
8ghyq6g4VE
8martinez5
8nalfz7152
8seconds
8x7k4y5
900900
9009051Gia1
904500
9060032399
906090
90609060
90800222a
908280Nov!!!
910704
911007
913614
91daytona
92342310
9236826720
927166
92944SBA
9301557878AD
931300
93193100
935200
9391144940
939635
93a42d0e
93burak93
9426Gj7b!x
94420547
946100sinem
9467887688_aA
94760371
949494
9496362
951595
951753456820
951753852
951753coban
952709ea
953618
955453292.a
9570041
957021
958400
95Nnqio3rA
95ypqZ9gnI
960514Kaiyi
96169616
96210124
96321asd
963852
963959
9645C176
965482ad
966161
96763727
96memo96
97128006
971483!
9721306
9722001
9726116173
9730017
973100
9732162
9732335
973685
97471099
9757289683
97839783
9789vf
98050325
980600013
98090057
981292
981396
981807
981974
98257777
982600
983735185
9841799116
9852444922
9861d3aa
987123654
987321***
9873742mM
98741236
987412365
987654
987654320
987654321
9876543210
987654321eu
987654321gy
987987**
98919891
989898
9898mojo
98Majestic
98va4k
9900024
99007722
9902109808
990325032
990602002
9913012
9935308
993801011
994459
9945d9on99
99632377
99665812
9975749106
99864608
99889988
999999
999999999
99bp1333
9GUGAae974
9cNeDvUK
9el2r6ghFR
9ff77b0e
9gkmmail
9qjg3xx9
9rWGrt94
9uzp9jek3f
9x9x9x9
?orkun?175
@@@hothothot
@DolcheLeche10
@Reshap007
@Scooter4004
@cib@dem
@lipide0715
@mail.com
A111a111$
A11d5975
A123b234c
A147258a
A1s9e8w9
A3213578
A3q8i8a7$
A4dd1d85
A5t49hf1ruLL4H
A7c9p6z3
A9797ff123
ABCdef123
AGMcahill12
AJandvicki22!!
AKC123akc
AM19610701!
AMDathlonX2
ANKARA06
ASDasd
Aa308247
Aaab5826
Aabc7788
Aalaph9991
Aaliyah1!
Aanos1172
Aapple1230$
Aaron2009!
Ab873138
AbW16mpy
Abbieee16!
Abbyrose9
Abc123456!
Abdullah901
Abdulsalam59|
Abigail08!
Abigail114
Abigail2002
Abouzaid27
Abrypro123
Abuabu05!!
Ac881296
Accessdenied101
Accetta0126!
Acevedo#1
Acmilan@1991
Actionjxn1234!
Acy224740
Ad1234554321
Ad278210
Adam1994$
Adam2009
Adamyoung1!
Adamzakracing1!
Addison22!
Addisyn1!
AelinofTerrasen23
Aequitas94$
Aeroforce1
Aev01882
Afiqzainol97
Afleet12
Afnan@950
Afridi874543
Aggieball11!
Aggression09!
Aguskeiraf031201
Ahmetyuksel123
AidenLee1107!
Aielwaste1!
Airjordan23
Airosss
Ajimbo4life!
Aka198282
AkhterHussain123
Akile.90
Aktaslar123
Alannah0622
Alaska1991
Albania2000
Aleatory200
Aleksandr1!|
Alexa1995
Alexjohn12
Alexxis9
Alfraf0809
Ali121789
Ali5124472
Aliatabaksana1.
Alice2017@
Alida0312!
Alilgrace65!
Aliosman123
Alivia09
Alkanco90
AllahAkbar123*
Allahizgr8
Allen1991
Alliemax2!
Almejita1
Alonso2000_
AlpAlp1980
Alper2003
Alper2005
Alpha0130
Alyssa113!|
Alyssaalyssa27|
Amanda21
AmandaSineliz16
Amaya2425!
Amazer1996
Amc300300
America1776|
America@12
Amigenious1
Amijpotfw1
Amt02041997!
Ana201015
Anawenta27
Ancsapancsa
Andrea1110
Andreea1!
Anewhope1
Angelito19!
Angie1967
Anhcu0ng
Anil2645
Aninha040807@
Anishmistry98
Aniv640225
Ankara06
Annaleise87
Annanoel99!
Annecosse20
Annisa@96
Antalya30
Anthony253$
Anthony777#
Antoine60
Antowns1$
Apocalypse12345
Apple1995!
Appleiphone0552
Appletron00!
April2012xyzx!
Aqeel1996
Aqil2014
Aquary90
Aqwxszedc123
Ar191688|
Araz3131
Arc@nine3000
Archer001122
Arda2002
Ardahan75
Ardaozkan1
Arenot23
Arexer01388
Argetlam12
Ariari11!
Arielle08!
Aritsara12
Arjun2002
Armageddon06!
Armen309424!
Armyboy19$$
Armydude124$
Arole2507
Arrow_23
Artemis2009
Arthurantoin1996
As12091991
As5022495
Asasabi63
Asd123qweA
Asd20304
Asdfghjkl1
Asdqwe123
Asdqwe33
Asgard007!
Ashish1472
Ashleigh1!
Ashton2003
Ashton8804|
Askaban365!
Aslihan99
Aslim5445
Asooma14!!
Asrin686
Asshole9!
Astevens9099|
Atakan987
Atalar61
Atalaydemirci1
Atat0258
Athenasgirl13!
Atinkerj1!
Aubrey6144
Aug2885!
Augusco15
August06
August896!
Aummy1906
Austin02!
Austin123
Austin2003
Author2be!
Avatar11234
Avocent4MC!
Awakening1
AwesomeAndrew00
AwesomeBUTT!!
Axmedyare613
Ay12kofi.
Aybus1998
Aykutaykut123
Aynur0405
Azmohamedmounir8
Aznpride1!
B.j.k.1903
B1248fkf
B25537S
B3490nbp
B456rewcity!
B549549549
BARNEY
BCIfdAg322
BNrsv348
BURAK1921
BYmWcNS557
Ba54006951
BabeRuth3!
Babur-96
Badboy436!
Badem12345
Badiekrem1
Bahar12no9
Bailey55
Bailey69#
Baileyrileymiles3
Baller14!
Ballislife1
Bameka07
Baran34.
Baris0raL
Baseball#4
Baseball16!
Baseballkidrdw3218
Basketball10!
Basketball2012
Batman2427
Baver1328
Bayshore1!
Bb123321
Bballer34
Bc_35_35
Bcftl12a48
Bcjs1935#
Beastly123
Beatbox1.
Beau0314$
Beba090210
Becky777$
Beebee102
Beethoven1!
Belle!996
Ben12345
Bengals1
Berkan2002
Berkay.463
Berkay123
Berkay35
Berke23.
Bermon02
Bermuda123
Bernard990719
Berns1judes!
Beronimo1
Berzan_44
Besiktas230
Beth080271
Beto9110!
Beyce478
Bibin@384192
Biggie1981!
Bigpapi09!
Bigsmooth49
Bigtrav4
Bigtuna1
Bilabong7
Bilemezsin123
Bilgisayar333
Bilmem123
Bintang123
Biteme60
Bjk1252365
Bjork1978!
Bjpenn123!
Black1030!
Black12!
Black@123
Blackandwhite97
Blackdu94qn
Blackninja1020!
Blair1524
Blake0831!
Blakkpass896
Blarsadr79!
Blast3r91!
Bloom1357!
Blue11777
Blue1231!!
BlueCars7700#
Bluelace15
Blueman21
Bluepearl151
Bluprint88!
Bluto224
Bnp1202!!
Bobcat33!
Bochi1505
Bologna94!
Bonniedoon21
Boobear0404
Boogieman1
Booktone123!
Boomisty1
Boot0912!
Booyah2002!
Bora2672
Bosco128
Bosco1966$
Bosco213
Bostic278
Boualem05
Bow34835
Bowen2408
Bowman06
Boz33kurt
Bradyn10!
Brandolina270
Brandon76
Brandynemo1
Brasil91!
Bratosh1
Braydan7
Brayden1
Breath1511
Brhmbl208
Brickmel23
Bridgewater11
Brisinger1
Brixton43!
Broese50103
Broncos10
Bruintje2003
Bryan1234
BsMp2017!
Bseton20
Bt15761576
Btn081908
Bu0104
Bubblegum3!
Bubbles1674
Bubbles9!
Buber9904
Bubu0730
Buddah01
Buddha&21
Buffalogap09!
Buffer87
Bugsbunny1
Bugsbunny7!
Bulent1907
Bulldog$1
Bulldog11
Bulldog24
Bulls4life!
Bulman85!
Burak4134
Burakege1
Burakk123
Burcin87
Bursa123
Bus3ood4846
Buse.1998
Buster99
Busterb12!
Buttercup15
C0qu3l1c0t
C0rl3tt3123!
C19dhl10!
C@che123
C@pricorn02
C@rlynn21
C@st1llo20
C@stle11
CACAna12
CAPSLOCK1234
CARlArmond10
CCBVFOB928
CCC21asjAHHH
CHIDORI4000|
CLColim2012
CNA7uEl596
CNWdfhmv8!
COOLdevil007
COUGARxr7!
CRUZvilca23
CTFREIGHT
CYKmVKV649
Cacaman123!
Caden2012!
Cafer212747
Cafesalaq1
Cahit06!
CajunPeach3
CalWeb321!
Calcutta1!
Caleb1215$
Camaro72
Camdy0212
Cameron06
Cameron12|
Cameron31
Camille09
Canadian1
Cancer1!
Candie141212
Caner123
Caner581
Cansel98
Canvass02!
Capricorn@2512
Captain12
Carasoles1!
Carebear74!
Carlova421@
Carmen60803!
CarolMitchell123
Caroline13!
Carpediem12345
Carriana15
CaseyB12
Casino5573$
Catalina2409
Catecate2!
Caw454454554
Cayden91
Cb3kwq23cX
Cbfu7593
Cbneghpq6!|
Cebgirl93443
Cedric2534|
Celadina26
Celenk4868
Celil0606
Celtic67
Celtics07100
Cen_2468
Cenkem123!
Ceren2005
Cess3866
Cf642333
Cft6yhNGV!
Chaeden05
Chaegoe88
Chandni0810
Chanel310
Chanelgucci1
CharleeAS13!
Charlene114
Charlie#2013
Charlton5
Charlyann1314
Charmedet12!|
Charrie0614
Checha2001
Chefbeau1
Chefivan1
Chelsea1220
Chelsea77
Chelseafc888
Cherie18!
Cherokee8!
Chester06!
ChevreDebiteurHall2
Chewing33
Cheyenne1!
Chicken1031!
Chicken9!
Chickman17%24|
Chingching5
Chingon505!
Chintu1231
Chitachalbaz1964@
Chitta11
Chloe357$
Chosen1one
Chris1957!
Christiandaluz01
Chungtinh123
CiNsss
Cierrais7
Cihan321456
Circles123!
Circuit1!
Civilwar1
Ck@290692
Claire2010!
Clarence1!
Classics727*
Claytonray12
Cledou187
Clifford34
Cloud96771
Clyde2011
Cm0606011244
Cobra1904@
Cocoblossom|
Colledge0102|
Color123!
Colt451911!|
Colten1966
Commander
Computer01!
Computer1!
Conmat123
Connorsmith1023
Conyers87
Cooee1014
Cookie09
Cooper01
Corona123
Cortez0414
Counterss89
Country12#
Countryboy1933!
Courtney1$
Courtney1986
Cowdogcarly1!
Cranmore13
Crash08!@|
Crazcate0610
Crazy@010
Create00
Creative77
Crede006
Creeper108!
Crespo50
Crisisea123
Cristo1226.
Crisyane30$
Cross890!
Crusher82484|
Csif47wb2V
Cubbies1
Curry300
Cute4895
Cutiestar1
Cxj848020!
Cycokane666!
Cyril1996
D.s15261905
D1lakiss
D3vo47psn
D5e7c556!
D6e6a6D66
DELpiero11!
DaSir5r65
DadMom@12
Dada2340
Daddy2002!
DadeTia2126
Dak-1995
Dalz081687
Dancing1
Dandan133860
Danial1014
Daniel0903
Daniela123!
Danman2010!
Danone12!
Dantae9126!
Dao080115
Daotpr250
Darshika1994
Darthvader13
David2004
David87yo
Davidson20
Davis7290!
Dcirocks1!
Ddo170105
Dduffy28
Deassismoreria9#
Deathnote2007
Debbie1324!
Debblue1$
Debrah12
Dedesese1!
Deejay1998!
Deenicole988
DefenestratioN
Defroster01
Del66con!
DelaBel3!!
Delane22
Delil0910
Deluuofrocks1
Delvalle17|
Deneme1234
Deniz200997!
Denotria1
Dental555!
Dentistry1
Destiny724!
Dethrone867
Devaughn8502
Devine18$
Devrim17
Dexter2001!
Dexter28
Dfghaj97.
Diamond1!
Diamond40.
Diamond6
DiamondJ15!
Diamondbed227
Dida2014!
Diesel24$
Digri1996
Diiener1
Dilara123
Dimitar7712
DiscoFrisko18!
Divididos1987
Diya2004
Djeter2323
Djselim1988
Dk251279
DlagazaDlaga
DmcN9925!
Dn199796
Dobbie123
Dobbie45
Dodgers1!
Dodgers101!
Dogukan001
Domar22!
Domino358
Dommie9896!
Doneliahasn4!
Donovan1|
Dora0703
Dortmund11
Doruk2015
Dough4464$
Downton3
Dr_Mr789
DragonHunter115
Dragonfable13
Dreamlove1
Drewzilla1!
Dri130392
Drummers1!
Dsca4545!
Dseawr1295
Dswaer4123
Duckadee54!
Dukedog1
Dung1996
Dupaquier5
Durant35
Durka2009
Dustin1113
Dv06aAh337
Dwhj8256
E3E1F5C9
E872418d2
EFESER
EMRE3535
EO9lHVl319
ERDEM06
ESHyO7L261
EYVALLAH
Eagles012
Ecem3010
Eclipse16
Ed270394
Ed4993670
Edd080808
Edf101462
Edirne92
EduMrg@44705
Ee123456
Efcvdr159
Efepower1905
Efes1880
Eg#146965|
Ei5m9cF156
Ejder058
Ek295636
El12se13or
Elcamino1979$
Elcin1907
Eleanor1
Eleanor123@
Eleanor134
Elijah0626!
Elmo12096!
Elodavtedkled12.
Elvin2010
Emachines123
Emily2013
Emily920211
Emma2016
EmmaWatson23
Emmahope2012!!
Emmajuly2!
Emre1997
Enero1987
Epcot1982!
Epoy1992
Er123...
Eray8040
Eregon8484
Ervina001
Erzincan24
Erzurum2534
Esquivel3
Esram2011
Esular2003
Eurofret1
Everton1878.
Explorer05!
Eye4evert
Eye4gotit!
Eyup3987
F15deagle11
F16tomcat!!!
F1rew0rk$
F9shadow
FB1907
FNfG14L825
FOOTBALLFORLIFE22
FUCKkatia.com
Fabulous1!
Fairus83
Faith9336!!
Falcon01
Fallout@14
Family0926!
Famous3199
Fatih.1997
Fatih5454
Fatih6041
Fatihak21
Faustus13!
Favorite1!
Fb126312
Fbdu2822!
Fbfurkan36
Feeling16!
Feet5555
Felenkor4993
Felicey165
Felix1301
Fener1907
Ferhatgenc1903
Ferihegy1
Fieldhockey17.
Fightfight96
Figo$barkey8
Fihula25@
Finley1984
Firas2012
Firat35iii
Firdaus1234
Fireball1!
Fireball123!
Fishing2004
Fitter350
Flamingo6!
Flashmypuppy!24
Flexiblegoat70
Florentino9.
Flower14!
Flowerr12!
Flowers01!
Flowers07!
Flyers66^
FokDVII
Football#11
Football93
Footprints11!
Fordsvt88
Forever2life
Forever4!
Forrest17!
Fortalejo1002
Forty9ers!
Fourstlucia1
France08
France1991
Franklin1964!
Fredfred2001
Fredia1104
Freewilly12!
Freight123$
Fridaross1996!
Friday15!
Frodo2000!
Froggyh1!
Fucklov3
Fucknutt1!
Fudgyboo55!
Fuelsave2016
Fulger393
Fundip14
Funteach03!
Furkan0617
Furkan46.|
Furkan_1
G11001100g
G77L79b03
GESE1905
GG4626gg!!
Gaby080212
Gadze5551!
Gallaudet12
Games4fun
Gangst0rz!!
Ganondorf1!
Gansitos123
Gassner1|
Gb12gb12
Gclslc06!
Get2work
Gettysburg12
Gezgin315
Ghlander82!
GhulamRasool650
Giants#1
Gigemaggies41#
Gigi2910
Giuliana72908!
Gjol2818!!
Gkhn.335
Glenview24
Gloria0123!
Gnusmas88
Go198583
Gobolts77!
Godaboveall15!
Godfirst1!
Godhelpme007@
Godiloveyou1
Godmode1
Goill123
Goldenforest12
Good4him
Gooda59100
Goodcall123
Goodvibes0994.
Goodyear4196$
Gooner800@
Goose2001!
Gopher24
Gorgeous35
Gorkem1994
Gr8b8m898
Grace980920
Graciela32$
Grade012
Grant736
Gray049062
Gray2013!
Grayson53@
Green9fish!
Greenday1!
Gret203690!
Greyson18.
Griselda1
Gronkfan87
Groupd2013
Gruber426
Gs1453gs
Gsfurkan289
Gsp57z2xpX
Guccidiorlv696
Guerrero27
Guigui14
Gulnar17
Guppy709
Gurkan4597884
Gurkan7480
Gzmsng_8
H0E9pCl554
H1ghland13
H1xp2z2duK
H95w3w@8ph
H@shem1206
Hacettepe
Hack1412
Haha2721
Haharuler100
Haivan2012
Hajar2404
Hajdari123
Hakanpsv304
Hakeem30!
Haleema28.
Haley2001
Halil123455
Halil454
Hallomeister1
Halo4092
Halo45halo
Hangman39!
Hann1bal36!
HappyKatie1
Happysun123
HareKrsna8998
Harlem347
Harley2798
Harley_13!
Harper58
Harrison1
Harun321123!
Harvard2021
Hasan1997
Hasan2002
Hasana98
Hasretim1
Hawa11an|
Hawaii10
Hayden07!!
Hayk077032246.
Haylie@1021
Hazalimm2005
Hctocs3189!
Heartless1!
Hehehaha123
Heitor04
Helenmom1!
Hello123!
Hello123qwe
Hello625
HelloLuv1$
Hellome123!
Hellomoon1
Heman2916
Henshin46
Hepyek17
Herdog980!
Hershey1
Hetal123
Heybuddy524!
Heyhey12
Heymon11!
Hibca321!
Hikaru35|
Hilali123
Hipyhopy123Plan
History101|
Hockey87-3
Hockeychic101
Hollinmeadows4!
Homere70
Homerjay1!
Homies0224
Homunyan1
Honey511!
Hornets3!
Hoseok15.
Hotrod17
Hotrod5891!
Hottie123*
Houma123!
Hsyn-1905
HuDA0501683663
Hugo0604
Huisnummer5!
Hulya0885
Hummerh203!
Hunner1521
Hunter1440!
Hunting88$$
Husain0078
Husnain98
Huso1991
Hussam10
Huyy2009pnt!
HzHpe8C693
I160ryn
I62zGW0238
IC9KMTk6
IMhROtfYIYRy1QAL8o7nd4DVo
Ibrahim@9816
Ichhabcd60
Ihateu1!
Ihave1dog
Ihsan8I2
Ilolmnss1!
Ilove007
Ilovecc414
Ilovegreen1
Ilovekids4!
Ilovekpop98
Ilovelevi11*
Ilovemealot33!
Ilovepugs7!
Ilovepussy1!
Ilovewrf123
Iloveyou2!
ImMkFuMbFa13
Imamonster123!
Imdone89
ImissLeo44!
Imranattari1
Indya123
Indyajean08
Internet123!
Intocable3
Inuy4sh4
Invest66
Investing.1
Ipkforfun321
Iraq1995$
Iraskylove23
Irismejia1
Isabell2015
Isabella04!
Isabella88!
Isaiah1699
Islahi2011
Isomer370!
Itsagame32!
Iubitu123.
Ivanlove12
IwIPkQx116
Iwishicouldknow1!
Izayah21$
Izshpa1292
J-nal2211
J3f3rs0n
J5lhiv3t5X
JKLor324@
JUly1943dc!
Jackemss1!
Jackfin12!
Jackson101
Jacksonsr1
Jadiel0426$
Jaeden1124!
Jaelah13!
Jahnavi
James9898
Jan11997
Janno1500
January24!
Jaredlw29
Javachip12!
Jayden09!
Jayden1225
Jayden2011!
Jaydon0914!
Jazmine64!
Jcghen15patrick
Jd031198
Jebise444
Jeffer650!
Jeffrey1905
Jel0524!
Jellyfish123*
Jellyfish123*|
Jenae012
Jenjen24quinn
Jennybie1998
Jeremy1990!!
Jeremy2000
Jeremy28$
Jeremystinks1!
Jesse24
Jessica@1
Jessie67860.
Jesterd18
Jesusislord1
Jeter007
Jetson317*
Jg0245682$
Jhblue20315
Jhforever2
Jiana2605$
Jigzcan104
Jittuj@123
Jivanesh257
Jlm22495
JlyvRUi335
Jm06072009!!
Jmatt890|
Joanna12@
Joao090590
Joe136772
John2976458310
Johnny0623!
Johnson1991
Jonathan11!
Jongin89!
Jonyg1234
Jorden2016
JoseLives1!
Joseph2005
Joseph318
Joshuarodrigu075
Joshymo22
Jpena.1077
Jpkl81405
Jpoojlkj69!
Jr1784869
Jrubio24
Juan512015
Juice2014
Juju230383
Jujwan12
July1203!
July121980!
Jun132004|
June16,1994
June221996|
Junebug1025Plan
Jungsook1!
Juninho96|
Junior2014
Junior71!
Juniors2001
Justin12
Justinbieber49
Jvhs2002!
K123456789
K1ll@231
K4!w4nx140
K43d3kun
K8712006b
K9jnwdfl
K9si85NmmHIOnCmj3JIQ4qdvB
K@shu99730k
KEL68568
KLM8kalem
Ka3634345
Kaan4458
Kadeilac1!
Kahleel08
Kaiella2012
Kaitlyn21694!!
Kakashihatake123
Kallhaul1!
Kalona15
Kanarya1907
Kanimba201016
Kannon1212
Kaoyerlee1
Kaplan260
Karabas2003
Karakalem19
Karamsar123
Karatas01
Karatekick1!
Karian227989
KarinaYuki20
Karl0630$
Karmun1001
Kartal1903
Kartal1996
Kashuangee21!
Kasper155
Kate2526
Katelyn22
Katiebug1
Katocat11
Kayboh1994!
KaylieEj17
Kbs1593572486
Kedinamik1
Kegibuj5
Keloglan1
Kelsey89
Kenneth0926!
Kenny1985!
Kenzie19!
Kerem2004
Kerugoya1996
Keyla4510$
Keyopen4CFWeb
Kezman09
Khalid@16
Khalifa18
Khalild26!
Kiarah11042005!
Kielkayd21
Kikidee2004$
Kikyomoka1!
Killer1998
Kilwazero0
Kimbryan13
Kimkim!23
Kimson99
Kimsung9
Kingkhalsa77
Kingsley127!!@
Kinqmos123
Kishen@92
Kitinata98
Kitsune1!
Kittle20
KjH799741!
Kjhlhnl2dd
Kk112296
Km040184
Kmblbc3610
Knight2000
Kobe24--
Koenigsegg008
Koluwura78
Konkrete09!
Kopernik4
Koray2409
Korny939!
Korubasi1
Kpbcc163
Kralben0707
Kristy15@
KrvvkS
Ks387835
Kty159951
Kulkarni2001!
Kumru2001
Kuzey2005
Kvitek67
Kwg061421@
Kww123456
Kyl3james
L0vingBianca
L@sagna12
L@ve26340!!
LGg2mini
LMMfS27cUKsE0olAtUG51NkwD
La006015
Lacrosse25!
Lake1250$
Lakers#47
Lalala11.
Lander01
Lanou123!
Larpdarp7285
Lashai18!
Laurah1223@Plan
Laurens19613
Lavery23!!
Lax4life21!
Layla123
Leaker06
Lee2louise!
Leeann1988
Leewolverine51!
Legion213!!
Lelievre1993
Lem54956
Lemar1966
Len20041
Lenny291155
Leolopez111@
Leon1507
Leon84tine23
Leor0824!
Lexisl80
Lexor1311
Leydeatraccion1
Leylek69
Lh101182
LiamNeeson123!
Libardo123$
Lido1234
Lightning1!
Likliklik1
Lilal329!
Lildave21
Lilman10
Lily5102|
Limon123
Lion002277
Lisasofia83
Lisd00nvarna!
Lishuanda22
LittleBaby@02
Liverpool123
Liverpool78!
Liverpool98
Lldaddy22!!
Lleyah13
Logbran1
Lohlarde@1
Loki27877
Lokw980524
Lol270602
LolLolLol123
Lolipop1.
Lolipop11
Lolipop95
Lomov1991!
Loreauville76
Louisestark!1
Love101@kni
Love3102
Lovehappy18
Lovely73
Loveme123
Loveriannie97
Loversup12
Loy1377146!
Lsc-19981003
Luca@2002
Lucas1967/
Lucascat98
Luckyman1235!
Luckywonder11$
Lucylu17
Ludorine40
Lugia6565
Luiza2004
Luka2603
Lukas2000@Plan
Lukebryan1!
Luludog!1
Lunas2599!
Luzif3r666
Lydiapayaandrias97.
Lyndon07!
Lynn2002!
Lyza1998
M.1sevgin
M.cetin07
M.kaan02
M1e9m7e3t
M1gelir1
M3hm3t3r3m
M@ndy1206
M@risc@l99
M@ryEdw@r3
MARdani12
MAXMAXMAXMAX
MAloves12!
MAstocks48!@
MDCrjk94
MH18BpC8RzFYtjR3pvDie3s2B
MP46383410
MUSICA
MVSMVS
Ma210711
Mabd1999
Maci2010#
Madagaskar1
Madchef29
Maddie546!
Maddox2019
Madut_123
Magaluf08
Magdalena2057*
Maggie14!!!
Maharjan1
Mail4sex
Majmun12345
Majskolvar123
Makedonija1!
Makenzie1
Malatya44
Malia0525!
Malinda1
Mambang87654
Man28034
ManagE02
Mancare1010
Mandarynka2002
Mando@123
Manisa45
Manu4Life!
Manumanu1
Maplestory12!
March0182
Marco1995
Maria2124!
Mariam25!
Mariam548m!
Mario76sibiu
Marissa.123
Marlia28
Marlinn123
Maruca12
Mas2564751
Masika95
Masonwalker1122
Master455!
Mathew64
Mathias2002
Matilda1904!
MattRapp54
Matthew224
Mattie2010.
Maup1170
Maurice06
Maximus123|
Maxsta61
Maxwell1!
May152006|
May2998!
May52199
May670930
Maz207055
Mb193431
Mbali@2011
Mc464406
McGrory12
Md78910121
Mdl053092$
Mdondero2005
Me70386Geico!
MeatBall55
Meatloaf67!|
Mecanico1
Mechanical046
Medinah1
Meezan123
Megh@n1998
Meha2getz
Mehmet19
Mehmet2005
Mehmet346
Mehmet63
Mehmetali45
Mehmetalp.1
Mehmetsait34!
Mehmetyucer2
Mekelle123!
Mekille5.|
Melampus1
Melaniec1!
Melike1992
Melike54.
Melinda1!
Melisa123456
Meltu1907
Memphis07!
Menthol1
Merhaba1
Mert12345mar
Mert26123
Mert5982
Merve1994
Merve754
Mestor2004
Mesut_4455
Mete1234
Mete1970
Metehan17
Meteyuksel1122
Metmet123
Mfcwa1970m!
Mgunes2005bjk
Mhmt1995
Mi2kings
Miah0519
Michelle79$
Microfoon12!
Midnight
Miguel2905
Mikebev05!
Mikefrey1!
Mikeyd2004
Milinha0102*
Millie66$
Milluda182!
Mimi1113@
Mimitessa1212
Mimsey17!
Mindfreak123
Minifie1!
Minikfare1
Minister03
Minqazim1
Mis2pollitos
Mischief10
Mission1
Mitchell1!
Mjdeath12
Mk1861992
Mkaderhan123
Mkarcic1
Mksd1008
Ml25055!
Mm18976177084
Mmaxiflo7
Mmjjdd22!
Mmlkjdy123!
Mojo2007
Mojoshady10!
Mollers0!
Mollym00
Momo786503@
Money300$
Money4me
Monk3y01
Monkey01
Monroe70$
Montel11!
Montfavet84140
Montjoy70
Moonpie13!
Morcovel123.
Moregorkem1234
Morgan2000
Motcon12
Mousab85
Mrpeanut12!
Mrski1lz412
Muhammad12
Muhammed123@
Muhammed2002
Muhammedkaya2001
Muiedinamo123
Muneeb.javed1
Munson11!
Muppet0411
Murat131
Murphie3!
Murphy1212!
Murray12
Muslera01
Mustafa.12
Mustafa1959
Mustafa1988
Mustafa58
Mustang22!
Musti1907
Mvcchamp1
Mwendwa7.
My2girls!
MyLordd01
Myhouse15
Mynewlife2!
Myste6ry|
Mytweety2
N03c09c09
N0mb3r21
N1i9k9o6
N1k2m3n4
N569697k
NMeo97..
NOYNACMT
NOel2008!!
Nail3535
Namanhjk123
Nani2007!
Naphtees13
Narin1762
Natalie7503|
Nathan04!
Nathan06
Nathan123!
Natosalome2102
Naufal2014
Nayi12345
Nbdnbdnbd3
Nbkpn0213!
Necaxa123
Negroplz123
Neil2001$
Nellieco1!
Nelson!27
Neomail14!
Neongreen6
Neptunes41
Nestking77!
Nevae2013!
Nevaeh08
Never4Get!
Neverland1|
Newarknj1!
Newbaby2014!
Newm8473
Newyork18!
Nezabydyparol1
Ng60229662
Nh214214
Nicholas10
Nicholas22
Nickya98!|
Nicolae1234
Nicolas1708
Nicole88!
Nike1999
NikiDolman
Nikita2001
Nikos1821!
Nilay2653
Nina295034
Ninisal1
Nirad3825!
Nisa2005
Nishi@13
Nixon007
Noelito83!
Noida3333
Nokia3230
Nolan123
Noraiz0852
Norfolk1!
Norjanna13
Norris6230!
Nosaints96|
Notnert10
November17
Novisad1
Numerouno1
Nuraniz220391#
Nurin295
Nwahida1998_
Nyasia2005
O.mama500
Ob1to16J
Obarole2014
Obsidian131a!
October1016#
October1208!
October15sag!
Oflular61
Og3363746
Oguzjkr20
Ohmslaw1234
Oi67628962
Okel*5a2
Okyanus07
Oldboy95|
Oldface1982!
Oldtappan4!
Olvera0920
Olympisk123
Omar1234!
Omarion@1
Omer1234
Omerkaan61
Omsairam27!
Onlyyyzx0916
Onur1149
Onur3412
Ooichyhyin95
Opalram79
Oregon12!
Oreocookie1!!
Orioles155
Orlando22
Oscar9658
Oskibear123!
Osman123
Ottoman21
Outlander7
Ovechkin8
Ozan4399
Ozgur1071
Ozzie0715
Ozzy0815
P0pc0rn01
P252979351
P4michelle
P77Islands!
P@$$w0rd32
P@int123
PAMbot07
PQMSNMOQ
PS021062
PTS30062007
Pa55word
PaSs2036
Padlets1
Pakistan007
Palestra#1914#
Pallav@712
Palmtree1!
Palodrime02!
Palominos911!
Palumbo2021
Pamelaflood1$
Panda1998!
Pannerman4
Panshul2008
Paramorelim1
Partypot123
Pascani1!
Pashagokay1312
PassWord97!
Passw0rdd
Password01
Patoche1968
Patriots12
Patriots12!
Patriots34
Patton10
Pavilion
Peaceful1!
Peaches@1
Peachhair841!
Peanut99
Penabur12
Pepper324!
Pera2392
Permainan1!
Peterrian2789
Petoskey92
Ph13110!
Phataom191155
Phenson24$
Philey1620
Phineas2003
Pho3nes6!
Pickles12
Piggybank6!
Pil85210!
Pinklove1!
Pinkpandas1
Pipoca0706#
Pirate4eva!
Pirgaip1
Pistons1
Pitachips12!
Pixiedust2014
Pizelle03
Pizza285|
Pizzaandbeans12!
Pks101795!
Playgolf1
Playh2oboy59
Pm112979$
Pointe4$|
Poivre13
Pokemon1
Pokieabc123
Poland76!
Polo7sport!
Pomelo89
Ponoza765
Pooh1430!
Poohman123@
Poopjack11
Popcorn5|
Porcodio1-
Poseidon3!
Potresin23
Poubelle07
Powell2009!
Powermaxgp1!
Pozzolengo1@
Pp88648864
Prasha94@
Premium21
Pres0010@
Prettylittleliars99
Princesita7.
Princess
Princess13!
Progrock1928!
Projects2
Prospects18
Punisher1907
Pzhn741apH
Q12we34r!
Q44PhDZxxDfaSDzr9lV8DKds0
QWqw1212
Qijv7470
Qinqahmeq48
Qkrwltn01!
Quakers55!
QueenAndi81
Quincy13
Quinnie12!
Quintana#32
Qweqwe123
Qwert159357
Qwert45tr
Qwerty147
Qwerty97
Qwertyuiop231
R0m4n2020
R39e20mm|
R9lw4j8khX
RAWRrawr223
RI$#al66
RIBBIE
Rachana10
Rachelita12
Radio1015
Raff1964
Raider18|
Rainbowdash1
Raistlin1|
Raleigh29#
Ramazan.1243
Ramster123
Ranger@96
Rangers6
Ranonline16
Rasal@27
Raso3386
Rasquero0305
Ratile17
Raveikon1
Ravens2010
Ravleah21
Rayann13!|
Raymond12
Raynale11
Rc626388@
Rdf190187
Rduff#70
Rdw453837#
Realtori21$
Recep2001
Reco1994
Recovery01!
Recovery1
Redhead10!
Redia@91
Redo4585.
Redpogi26
Redsoxrule34
Redstorm10
Reez0007
Reiden666|
Reinhert81
Remember1
Renac1967
Renato2002
Rene7734$
Renee8195
Residentevil4
Revilo13!
Revt1943!
Rexxxx123**
Rezmeray9
Rf574712
Rhiner12!
Ricardo44!
Richford3445!
Rickey44*
Rider111
Ridicule27080712!
Rioverde1016
Ripley32!
Rituel55
Riverfield9!
Rjkp@@12345
Rlcm7278
Rls071979!
Robles94
Rocco2014!
Rocha1997
Rochelle84#
Rockhouse#1
Rockriver4
Rockstar68
Rocky261
Rodaddy02
Roland
Roland321!
Rolland.1
Romeo101
Romeo620!
Romine2016
Rookie06!
Roper1996!!
Roseanne1
Rosebud21!
Roxxy2010!
Roxy12345
Roxydog1
RoyAura1
Rshonoris
Rt4oo98esW
Rub1jean
Rubnb789
RunForest123!
Ryan!0413
Ryanbecca2!
Ryandean15
RydenLaw23
Rylan0212
Rylee0808$
Ryry1q2w3e|
S10suzalem
S3pT&1381
S471kr4w12
S4l1ondo2B
S5aEDgV481
S8415634e!
S@jha1234
SAKLAN42
SD6yrOHXDKTSFWvPhQ3y9kGke
SDER4567
SFERHATLMN
SHELBIE96
SHEZAN@1988s
SIMblood41
SJc4dhVFzS
SOPhia2001!
SUPA328man!
Sabina05!
Sacramento80
Saffrone4
Safran78
Sahin001
Sajidkhan123
Sak10410#
Sakarya5434
Salia@100
Salinas831!
Saliza08
Sallen16!
Salser02
Salt5429!
Sam1996$
Samar@2014
Sami12345
Samir1705!
Samiya06$
Sammydog5
Sampo1704
Samsun55
Samuel87$
Sanane123
Sanane321
Sanane71
Sanane789
Sananeamk123
Sananebe12
Sananela1
Sananelan12
Sanchez88!
Sandiego12
Sandra0016
Sandylacy1
Sangita1
Sanosuke06!
Santram05
Sarapolo1
Sasmun10!
Sasuke001!
Saudade1223!
Saul9774|
Sauleh11!
Sauvetage1
Savagebeast1
Savnac73
Savoy627
Sawahan4
Sayang0704
Sayko1299
Sbp1979Sbp!
Sc0obyd0o
Schweiz1291
Scottie1234
Scourge101
Sda8177449!
Seabert1.
Seahawks15
Sebby004|
Sedat123
SedefDemirkol11
SelimAydin1
Semanur1982
Semstu1962
Sengarsenal1
Sensen1997
Seostaff123
Sepet55424
Ser123hat
Serkan1233
Sevens7s
Sevimli1i
Sh1tf*ck
Sh3lbryy!
Sh@mail2
Shadowfalcon1!
ShaeCorin1!
Shafiqah27
Shahfiq1210
Shahirul1601
Shaina123
Shalu101225
Shaminscs1989
Shanitka77
Sharinna73!
ShayShell5!
Shea4799
Shellshocked123|
Shelly887#
Sheltin07!
Sheriff630#
SheryShery2006
Shi07111209
Shmabs20!
Shoefly2345
Shonuf49
Shoukat59<3
Shreddin9!
Silence88!
Simay070712
Simple13
Sinancan5
Sincan10
Sincere12!
Sirhassam32984
Sistem1985
Sister77
Sitka209!!
Sixkids06@
Sixten96!
Sk8board
Sk8walker1!
Skarner11!|
Skate123
Skater35
Skater7142!
Skifast1!
Skittles3
Skitwit1!
Skulls21
Skylar123!
Skyler07!!
Skyrush8
Sl@yer23
Slag2Ware
Slaimen12
Slalkmono
Slls2010#
Slmmls3139
Slyman197
Smashu005
Smiles2675!
Smirky8765
Smoke4209!
Smokedog00
Smppoga73
Snoooopi1
Snoopy21$
Snowbell17!
Snsab1980!
Soccer13
SoccerL04
Soccerisgr8!
Soccerme15!
Softball17!
Sojdlg123aljg
Sona14324
Sonear01
Sonic17PS!
Sonuabhi@24
Sophie0512!
Sourlemmon10134
Spaceone123
Sparky123!
Specter_8919
Speedy33353!
Spidey34$
Spillegal12
Splash21!
Spoon2121
SpringerHD98
Sprinkler31
Spudster1!
Sree*2016
Ss080788!
Stackz247!
Starwars53!|
Stealers1!
Steelers1!
Steve1985!
Stockton1!
Stompie20
Stovall00|
Strongman1993
Stu10251
Su100499!
Suarez109
Submarine1!
Submissive1!
Sugarluv1
Sunny123..
Sunnyy12
Sunsakamoto-123
Sunshine1001!
Superman1623
Superpa$$w0rd
Supreme!712
Susanna713!
Susetyo1962
Swag62455
Swami123
Swe8118swe8118
Swedenbelmonte1
Sweetma1$
Sweety77
Sydney357!
T12345678
T13011301t
T1FYQS23
T6t27t10!#
T@f120490
TVXQdbsk1
Ta0925275007
TacoRowe44
Tahir1994
Tahir512
Tahleb14
Taipan2492!
Taisean1016
Talin123|
Tamifrotialia
Tamilya04
Tamira91
Tan2091997
Tanga2006
Tango1997
TannerD1
Tarum9797
Tarzan4545
Tasy1997.
Tayfun9036
Taylor66!
Tb8a3p5r
Tcfe2001
Teacher01
Tearica20$
Teeitup1
Telecom#1
Telefon00
Telerama940
Temperley1@
Tennessee1
Tenten10.
Terrysr1
Tessie111!
Tfeb192c!
The2boys
The3kids!
The88ruler!
Theodore10!
Thesame988
Theshins1!
Thetaphi25!
ThiruVathira4
Thoms@1912!
Threegirls3
ThugWaffle98
Thuglife4
Thumper13!
Thunder/02
Ti@dapw123
Tian1016
Tiger727!
Tiger936
Tigersfan1940!
Tigrou1968
Tina2002
Tincouch13
Tinker11
Titok1989
Titou3410
Toadwarrior1!
Tobs1234
Tokyo1980$
Tomanek89
Tommygirl07!
Tomtom14
Tongbgu454!!
Tooshort16.
Toruez10$
Totoro01!
Toygirl513
Toyotaae86
Tr123123
Train1er
Trashcan1
Travego06ankara
Traveller118
Treekey12
Treetops1
Trinity08!
Tristan210
Triune3Tobyk9!
Trojan4400
Troop358$
Truffle123
Trust888|
Trustissue1
Truth8919!
Trystan08
Ts3A8AC2
Tsumugichan2
Tt198609
Ttfaf1010!
Tuana2006
Tubesock123
Tunahan159951
Tunkie17.
TurboBoost224
Turkcellt11!
Turtle0112
Turtle9828!
Tutigra7kids68
Tweety134
Tweety26$
Tweetybird1
Twins@2016
Twolves89
Tyana6309!
Tyler0709
Tylortor1
Tyreek3909
Tytyhu45!
Tyz1234
Tz092504!
Ubaidullahi1
Uhzo4803
UmUccog0!
Umarmalik321
Umbrella1234!
Unclefucker1!
Understand1234!
Unique27
Uobkhrn2
Uofn2w91vN
Ursinus2010
Utahutes12!
V9dGIWIg0z
Vacation1!
Vad31428
Vaishnavi1!
Vajr1198$
Valencia18
Valentino1
Valhalla13
VanWinkle8697
Vane907617@
Vapin2day!
Varitek33!
Vasurfarma19
Vatrice@1
Vchris123
Venice02
Verena1994
Vggw9188
Vikings76
Vikingsfan11!
Vikki143
Vino030999
Violet_94
Violetta.11
ViperBay1!
Visa4280
Vishu@1234
Vmc002xl
Vol17sion0784
VolkanPolatman05034
Volume12!
Vovone80
Vrijdag$1
Vs010534
W00dHill
W1w42hbxaL
WACWIDAD21aa
WUguojun1948
WaRninG55
Walayforever30
Wallstreet1987!
Walzer87!
Waris2603411
Warrior11!
Warrior@1
Warui2336
Wasder123
Washingtondc101!
Watford1
Wayne0730!
Wayne1950!
Webster
Weda3814!
Weedislife23!
Weiwei23$
Welcome123!
Weloveaz2019!!
Wengskie1967!
Werewolf2
Westbrook13
Whiasia1
Wiips2psp|
Wildones67
Will4540$
Windows7
Windowsm075
Winger69$
Wings6250
Wins2021
Wjf454541657.
Wolfden14!
Wpp56mrm
Wullanndarii1992
Wwjd1377!
XEN41k
XVD2775xvd
Xbox5746
Xcallibar36
Xicama2301
Xiomara14
Xmy8730491
Xr85cws6bA
Xrsfd3399
Xueni123456
Xx020808
Xxclip4632!
Xxxtentacion123
Y2cQ3zB392
Y7tuhd33bR
Y9sv4r4aaR
YBhdvCb342
YIs2DT9852
Ya159753
Yaaipa1234!
Yaallah45
Yabrielys1$$
Yagmur13
Yagruz28
Yahia1960!
Yaksaregreat1!
Yalan11247
Yankees2!
Yankees22.
Yasin4006
Yburislove1
YcDrCyb654
Ydaj4423
Yellow512!
Yemeni100
Yesukristo1$
Yg4dbbced!
Ygt190731
Yh3020410
Yi1dmST592
YiMCzF6D
Yigitokumus147
Yildiz430!
Ying82Yang?
Ym070282
Yo070400!
YorgunR315
Yoshi7384!
Youssef#1
Yozgat66
Yshn9291
Yukido99
Yusuf0606
Yuzhmash1
Yy220307
Z413et270706
ZBOR030903
ZEoo12
Zaccaria12
Zadiel1992
Zalpha101!
Zanyman1!
Zarif1353
Zayed4all
Ze3112008
Zeliha.1994
Zemin@5278
Zetaplus1
Zeynep.1
Zeynep2003
Zeyno1995
Zombia9596
Zombies31!
Zwilling2001
Zx123qw12!
Zxcasdqe1!
Zxcvb09876
Zzkk6046
[Ndira25]
\\Users\\selim\\Desktop\\Yeni
\xc4\xb0stanbul!
a.s.k.1991
a02a39520
a058f28aa1
a123456a
a1352468A
a1453385
a19901991
a1a2a3
a1a2a3a4
a1qs2wd3e
a1s2q1w2
a2216006
a227661153
a2346130
a26567652
a281625
a28292829
a2k5s4a3
a387b5z,
a4eilm2s2y
a749280h
a83038de
a898e5f23
a93a88c61t58
a9XkLgB268
aA580460033
aH2n1995
aa080703
aa123ll7
aa1970
aa2004
aa7623539
aaa123123
aakturk
aar2768
aass0522
aaww13467925
aaww33
ab03232030
abay2008
abbey1
abc123
abc123abc
abcd1234
abd0d565
abdullah
abelhasurf
aberke06
abidik
abiniz24
abmfastenersindia
abvg1597
ac10041980
acUn3t1x
acili123
acr3obat
ad12am34AA
ada2005
adalet1980
adamadam
adamol41
adana01
adana123
adanali
adembaba
adidas
adidas11
adige15
adrenalin1
adrianna3
adryana
adsspor7174
ae4765669
afdmrw
africa10
afrohan
afurex
afyon0335
afyon1986
ag123091
agaoglu123
agatha567
agds2001
agit1993
ahiska15
ahmedabdo9
ahmedxd123ED
ahmet0123
ahmet0334
ahmet1027
ahmet123
ahmet2003
ahmetcan89
ahmetemin396
ahmetfurkan2002
ahmetle61
aiDa2013sale
aidata
ailem-1726*
ainishenqi
airasia747
airolg99
aisbJ2kGY
aishalayla
ajay23me
ajoy2111
akhrgb0q1
akkakk
akrepli
aksaray68
aksaray74
aksoy123
aktan1984
alan104702|
alanya94
alanya99
albayrak.
albion
aleale00
alee0501
alesta123123
alevim
alevondeler
alex0611|
alex102
alex2601
alexis05
alexis22
alhaydar20
ali.1997
alican5280
aliefe
alim2001
alivv123
aliye2020
alkan4595848
all1bear
all4free
alladin79
allah161998
allah1metin2
allame
allax99
allison3
almaraki
aloha!456
alonzo510|
alosmemosa123
aloysius123
alp2002
alpalp
alpalpb
alpbaba123
alper232
alper5454
alperbjk11
alperen
alperen6060
alperenpolat27
alucra1977
amaama
amal524
amanda2001
amanda29
amanda666
amanos87
amanpandey
amirabou13
amm21agr
ammubhavya
ammuzicabuna123
amrk2001
an20st05
an23taow7
anabaci123
anamika
anamurlu16
ananas007
anand1351
ananinami
anapaula123
anas2001
anchel123
andriy55
angel0838
angel1314
angel24
angelica
angelo54
angelruno1993
angie1
anjuman
ank42kon
ankaberoski1
ankara
ankara06
ankara123
ankara1975
ankara21210
ankara97
anneannem1936
annem123
annembabam60
annie437
annise12
antalya
antalya34
antalya5107
antalyaspor07
antalyasporw
antb1968
anuanuat
anuoluwapo1
anyela08
ap25796ap
apo083438
applecheek
apples
aqahmet123
aquila
ar110133
arabupypy
arapi15
archie5455
arda0505
arda123
arda12345
arda123456789789
arda1995
arda1997
arda19991673
arda2004
arda2005
arda2006
arda66
ardacan
ardadoruk
ardaefe2002
ardamen33
ariza189256
armagedon123
armagedon76
armanix07
arq2008
arsiya1234
arthurhc
artikbitti81
artqwe77
aryabhata
arzu6134
as1as2as3as
as4512
as70fz68
as987963321
asDF1994
asabaston
asas1212
asasa34
asasdasxx
asd123
asd123qwe
asd1313
asd654321
asd789
asdasa
asdasd
asdasd11
asdasd12
asdasd123
asdasd19
asdasdas2
asdasdavtr
asdasqwe
asddsa111
asddsa123321
asdewq
asdf123asdf
asdfasdf123
asdflkj2011
asdqwe123
asdsa123
asdwsx123
asertive
asgard234
asha302
ashanti
ashish729
ashley3
ashqiya9d
ashton05
asimbaba52
ask.bjk
askerasker
askero
askidilim623
aslan07
aslan147
aslan1905
aslan2727
aslan72
asley148701
aspav1234
assoult
aswfwd7y
asyaataberk
asyam2005
atafen2000
atakan11
atakan123
atakan2005
atalay1453
atar1971
ataturk1881
atay1907
ates9651
atfnumero1
ati2258
atmaca123
atmacalar123
atwood
atxatx123
audibest
aug2088
august
avatar
avforgings
avrupayakas
axente565
ayarlar1907
aybars03
ayberk05
ayberk2001
ayca2003
aycanim
aydinbjk
ayemgohom
ayferdr
aykqll8ev
aykut1907
aylavyu+
aylin1974
ayse2010
aysefe
aytimur
aziz1989
aziz44123
azrail199719
azulans
azulrapero22
b123456789
b1abbcac
b1b2a1a2
b1e2r3k4
b1illur1
b1r3k5y7
b2624458
b2gini18
b5e404755
b8245970
b90Jm*21
b99KaMMN
bUgs1buny
bUst3r98
ba5223d3
ba980707
baaldas
bababa
babakaz25
babaking08
babala123
baban68qq
babaoca
babayaro
babita22
babusa
babytom516
badboyma43
badhabit81
bagheera
baha7422
bahadir
bakalikiz58
baklava07
baklava123
balala123
balbey
baller21
baller23
ballsack1
banane
banditms1
banu14031996
banu7570
baran0871
baran123456789
baran1867
baranbaba412
barbi1907
barbosalouro
barcelona10
barcombe
bardak9
baros123
barracuda
bas3ba11
baseball29
baskent05
basma1996
basurin1
batman
batman7221
batman7272
battaniye2
batu2003
batuhan00
batuhan12
batuhan1998
batuhandedeb
batuskus
bauermarius
bayburt69
baycan72
baydar02
bayhota5
baykal1.
baykal2468
bayram698
bb1b83c44
bb290168
bberatt
bcbc2121
bd3513
bd66c4f1
be041181
bearcats
beb9175360
bebek123
bebek2293226
bebek88
bebekim
beetless
begumtoy
behram6161
bell1928
ben157
benben
bendensana
benders
benfare10
bengiy
bengu82
bensanamecburum
benufuk123
benve5555
benvesen1
ber2005
berat1993
berat2004
berat2010
berat2424
berenberen
berer9902
berfin
berin17
berk0104
berk1996
berk2000
berkankral245
berkay
berkay123
berkay131331
berkay1645
berkayim
berke2002
berkeberke4545
berkin2004
berko1237
berkus_1564
berlin
berrinb78
bersan44
berser1995
bertan
besiad
besiktas
besteberke
betapi03
betbet999
betskie04
beytu1643
beyza123
bfduxmx394
bg1907fb
bgu2205
biberli06
bieber12
bigboi91$
bigboy98
bigmac00
bihter11
bilal313
bilgeadam
bilgisayar2
bircants61
birlik
birtanem
bitanem.123
bitanem61
bitches
bjk1903
bjk22747
bjk_1903
bjkbjk1995
bjkburak06
blabla
black1103
blackie23
blajay02
blakeman3
blessed13!
blk312
blk59#$RED
blmgc13
blobbie1
bloodgod12
bluebells64
bluebrick809
bluemoon306
bmw116i
bnm123123
bnto123123
bobblehead
bodrum1
boikai
boivin6
bok123456
bomba1234
bongalos1!
bonita09
bonnie
bonus40
booboo
boomboclat
boomerang
boomerang16
booska
boran123
boravan
boss2471669
bosspro33
boston1020
bouchon
bozdogan
bradley
brasil
brc1357
break1
bribri1996
brnbrn471
brnbrnbrn
bruno92
bs.138546
bskoqbk3c
bskulg
bt1234bt
bubba1997
bubbabubba1
bubbles
buckyordway@yahoo.com
buffer87
bugrabugra0
bugrahan15
bugrahan54
build1
bulldog1
bulut001
bun490
bunnyfoofoo
bur74ce
burak001
burak1071
burak111
burak123
burak155
burak2000
burak2001
burak85
burak9911
burakbromt2
burakgs90
burakoyunda
burcak
burcin848
burcu1996
burock
burrcu
bursa123
bursa164433
bursabursa
busboy
busecan1972
busecik1
bush123
busra12345
busterb2
butler
buzzdaisy12|
bwalker
bx2w96aPvH
by1978
bybulut1155
bydgoszcz2010
byir4zl118
bylmzz12
byserseri11
byt6oWt39U
bzb1990
c.ronaldo.7
c0402879
c1oo2kie3
c3df32ec
c9rb8xwL8U
cabbage01
cabbar50
caca5353
cadillac1
cagan216
cagatay34
cagdas
cahcilacap22
calacala43
calorifer123!
cam7kmzo
camaro79
camcfburak123
campioana
canada
canavar
cancel
cancel74
canex01
cankartal03
cankat
cannac25
canon500d
cansu123
canturk
caramba
carb1070!
career999
caroline
carqn07
carr5383
carson
casper123
casper33
cassidy1
cassius2x
catuji11
cbfkwej981
ccpccp
cdc12903
cdm11mdc11
ce97d5a5
ceauce
cemcem6640
cemilhan
cengiz1981
cengiz21
cengizhan90
cereneda
cerennur
cevik94.
cew190212
ceydacansu
ceylan35
cezayerliplaka
cg1972
cglkzl1997
cgty1905
chabe123
charity0329
charlie
chaskaka
chasm1984
cheche21
cheese
chemistanbullu34
chevyT2013
china78861
chineseR1!
cholain
christine
christine_robidoux
chuck1
chukokk1
ciaociao
ciccic1108
cigtanem1982
ciko1912
cimaci
cimbom100261
cimbom67
cisem1
cisvic2009
citlenbik
cj199530
cjjtjr2002!!
ckaz8dhazr
clarisa24
cliwe45
cloclo
cmf061982
cmkr1989
cn20500834
cnds2637
cockring
coco1990
coco1991
coctail
codytroy1231
coko1616
colacao76
coleman123
collin87
collinson
coma2262
comarola
comedy35
comets12
con.ra3-
conan04062002
connie
cooglin
cool5300
cooljins_97
corrie91
corvette
cosmin1986
cquinso1
cr3101
crafty
creative
credit123
cridrecr7
criminal1
cristina81
crocodile2439|
cromyk36
cronaldo17
crosby87
croydon2001Plan
cruz1975
crystal64
csaboca
ct19121973alt!
ctu61b0735
cuarexs
cucuk2000
cumaatal
cumhuriyet
cup342Kac!
cupcake
curgan31
cw#6ygqm
cyber4321
cyh0132
d1241sss12
d19kSzH4
d256ab16
d2iTsr81jO
d2xyw89sxj
d3ckd4wn
d3dozm605
d8cc349e
d924a2f6
dUde12345!
dabeh39
dabusedyg
dadada666QQQ
dadas12345
dagser00|
daju90
dakota7
dalga_010
dallama14
dan13l01
danddd
dangJUzhe825
danger123
dangerous183
daniele00
daniels31
dar.mar_05
darak11
darkred41
darkwolf
dasdas
datron93
dave16789
david.obrien
daw784Xam
dawn100
dayum621
dc465850
ddq123
ddt1024
de23we
deadewil29
deathlife1
deccal199896
dee8dens
deepcuts
defender
defender10
defneblume
deha3617
dejavu76
dekinsahara21
delgado123
delidelideli98
delta5592
demet123
demet123-
demir2005
demirim3005
den1952
denemeler123
dengoreppa11933
deniz07ada18
deniz2003
deniz6363
denizkoc
denizli102340
denizli20
denizli852
dennis99
dentomine77
dereli99
derennisan2
derinsu
dermatolog
derya19844
deshg80
desiboyz
designer123
devraazA1!
devrim
dewasa5454
dezete
df45dcvf
dfghjklkjhg
dfjdf357gbn951
dgf442012
dharam
diablo03
dianj152
didim2003
dido31509
diegolindofilho
diesel1225
dilara12
dilara2608
dilek1590
dilek2010
dilek6262
dilofb
dilswami
dipiazza09
diren1355
dives1414
diyarcan69
dizzy24
dj1993
djbatuu08
dkbikes1!
dlipugvomi
dlmnyk1498
dlrclb
dmac1973
dmt4ps1
dmx2pacb2k
dmyc7rkb
dodo1202
dogan6742
dogdog14
doglover58
dogmalis21
dogukan01
dogukan123
dogukan1234
dogukan34
dogzilla
domatesbiber1903*dd
dominick3
donate.mozilla.org/en-GB/
dontay44
doolittle
doomlord1@A
doqukan2002
dostluk
downtown
dr7dr7dr7
dragon
dreamlove1
dreamnet1
drew5645Plan
drewdrew
driv82j13y7
drsc3t-r
drunken
ds,uhglsdp
dublin02
dudadavi
duman34
duncan
duru2004
durukan
dvu423155
dwoyeah1
e03032009
e12032002
e1226067
e123123E
e123e123
e159753e
e1r1e1n1
e1r2d3e4m5
e321123e
e460798
e6292002
e88rifat
eJwOuF9942
eNf9d6k5rQ
ead517696
eaobY586cL
eb1972
ebru2978
ebruebru
ebruhim
ece2005
eceberk12
ecehanim
ecem1234
eclipse1
ecom4154
edacan
edatugba27
eder528080
edesio1612
edge74
edgefest
edirneli
education2014
edurukan244
edward
ee76b26s
eeReP3728!
eeaassaa1981
eezzaa
efe305305
efekaan
efekral123
efelim
efem2011
efemert0123
efsane04
efsane123
eg147852e
egc1964
egemen
egemen99
egerkagan
egidio20jr
egoist
ehgusalsrud3711
eikichi21
ekinekin2000
elanur231394
elber1905
elcin2508
elefant_le
elfelf91
elif00
elif2298
elif8doygun
elifelif817
elifslife
elizabeth
elkent80
ellen.granger
elmas0103
elmasww1223
elmoalja4
elvan79
elvisoncrack
elzinha
emRe..55
emamtv123
emel111969
emel3635
emeldemir21
emelyas
emilianal
emin1964
emir0630
emirhan
emirhan122
emirhan123
emirhan2633
eml4166
emmiemmi
emo12345
emolor5fipen
emre0104
emre12
emre1234
emre123456
emre123789
emre1255
emre159951
emre1670
emre1905
emre1966
emre1975
emre1988
emre1994
emre1995
emre1999
emre2000
emre2001
emre2003
emre2121
emre3214
emre4545
emre5252
emre57
emreemre
emregs
emrekaba123
emrekaya19
emreozdemir1907
emretugba
emreyunus
ender721
endy0111
energia97
enes--1
enes123123
enes4141
enes456525
enes543287
enesbasak
enesbey123
enesbeyza
enesdolupina
enesesram
enesomer963
engin1077
engin1272
enigma33GAT
enkuy1ucd
enwer123
enzeru
ep194242
epalceric34
eparyhaje
eq7Gl1j5vR
equilibrium
erasmus
eray1324
eray1786
eray1987
erc3206
ercehan3
erd1999
erdal55
erdem1060
erdem19890
erdem2121
erdem3490
erdinc07
erdogan
eren0508
eren1552
eren2008
erencakmak
ereneren
ereneren1
erenhazar0
ergo1024
eriy63S3rK
erkan8106
erkin35trk
erman4
ero46615
erol1989
erol1990
ersan163
ersin5789
ertene
ertgrl41
ertqrl123
eruption@1986
erwin123456789
erzincan24
erzurum25
es4949
es55l28e731
escapespace2
esen1903
esenkaya
eser221983
eses2626eses
eses2706
esila123456789
esinim
eskievim
esmeralda-2009
esmeveselcan
espanyol20
espelantos
esra184737
esra2161377
esra3772
esrarengiz1988
estalnes
estergon
etediki522
etherios1923
etimesgut
eueueu96
eula2le31
ev-6283054
everton
evislair
evissa1
evren9
evrensel1976
exoshateau4125
eylm123
eylul06
eyrem3569
ezen1995
ezgi1994
ezgi2401
ezra1234
ezynujudu
f.massa
f0yq67b412
f1rat.1991
f2080501332
f394617TK
f7812719
f96891b8
f9698cb5
f9962602
fG05HCi638
fLusao08
fa123456
faLzXig693
faikdede
fairmount1
falcon
familyof5
fantasy
fargo1
farha5910
faruk123
faruk314584
faruk4207166
farukbaba96
faskksl13
fatih123
fatih48can
fatihterim
fatihy99
fatimah123
fatsa1695
favian2406
fb073525
fb102102
fb1907
fb19901907
fbaysal
fbbffbbf
fbdiablo97
fbgorkem75
fbliemre123
fc81a2dwCG
fcs071306
fd1996
fdl1sw0189
fdxelvj2
fear189frm
fearless10
februari2001
federico98
fel12345
femcmirage
fener1234.
fener1907
fener190746
fener3825
fener456
fener5261
fener5885
fenerb
fenerbahce
fenerbahce12
fenerbahceli1977
fenerbahcem
fenerbora2
fenerli
fenerlialper1907
fenerliyim
feneryener
fer21ela
ferhan123
ferhat1905xd
ferhat7773
feride13
ferman80
ferrari2
fevzii33
feyhan1988
feyza123
feyza1998
feyza3
feyza5
feyza9
ff2ca7b3
fffffffffff3
fg54fg54
fidelcastro
fight4life
finelife
firework8201
firuze
fistik07
fks09081993
flavel006
fleit837
flor3030
flower1
fluerdlys1
fm9fytmf
fmpdekor5071
football1
football4life
forrestgump13
foun1974
fr486253
fr65paQ9
francie_79
frank052697
fransaparis
frchjrij
freaky
fredfred
free89
frenzy123
freshb1
freshman1
friday13
friedrich
frknmstf28
frknynr123
frogFace1!
frosch
fruitloops
fs3985
fs739626
fuat1056
fuckyoua11
fuckyoudie666
fundase
fundaseco
funi1111
funkybug
furkan
furkan123
furkan12345
furkan16280
furkan1998
furkan20
furkan2001
furkan2617
furkan2700
furkan3232
furkan78
furkanbekman
furkanlol32
fuyu2034
fvamiur411
fxdcobd567
fyasko123
fyutkjrfybvt
fz4v77svLO
g.o.r.a123
g1991s1905
g2mz8566
g7diqa2619
g9kc8s4r
gSUsHpX752
ga100403
gafil1942
galatasaray
galatasaray1
galatasaray13
gallbladder
gamer8080
games2000|
gamze07
gandalf
garden12
garfican
garima
gatoland2008
gator1969
gavsisani
gayradost454
gaziantep27
gazzer
gba051105
gd901234
geVsA4kOdn
gece12
gelecek
gelecek11
gelibolu
gelibolu17
gencaygfb45
george01
germany
geronimo
gerrard
geveze30
gf170369
gfb(V)1907
gfb123234345456
gggizem123
ggk079702
ghjkl1234
ghost77
ghostx35|
giampi
gibson11|
gigika030196
gil2397
gill_morris99
girassol
girilmez20
giveme5man
gizem1998
gizem_8957
gj1H5d6zwS
gjes667328
glittering123
glo9mmsup
gltsry19
gnl6173411
godisone
godofwar
gokcin33
gokhan1182
gokhan123bjk
gokhanero1
goksen
gold7815
goldenxx
goldrick
goldstein
golo532612
good12345
good6767
googlecom66
gopuklar21
grace12345
grapevine
green123
greencar796
greentower5
greentree784
gretta095
grgarments
grhbba
grknsk5s
grundig
gruphepsi123
gs190567gs
guatr2004
gugomess1
gulsehir1
gulum34
guness231
gurselerturk1971
gwyndaf
gy3403981
gyfc3020
h.d.g2002
h0071010
h00ZPUXqRK
h020620055s
h15031503
h1a2l3i4l5
h4nd33
h5950636
h7d6fao31
hAnnah17*
hAwaje2011
hLZG0NT575
hX28o9e646
hacker3333
hackerr3455
hadican123
hadise309
hakanaktas27
hakanbaba123
hakanbjk10
hakankhan
hal9thou
hale1992
halil123
halil2623
halilibrahim
halit31228
hamitt
hammer0115
hammond2010
hamzaahmet
han19962020
hangyas3
hannah0902
hannoud123
hansen
hanzit56
harita2534
harley31
harun1907
has.mar_05
hasan1453
hasan656
hasanseda
hasdkjasd
hase0807
hasoli159
hasret351
hasretim
hastayimsana48
hatice01
hatsunemiku
havuch
hayabusa
hayat0034
hayata
hazal2002
hazalhatice
hazan1971
haziran
hdilekozc
hdmuhammet2
hdrnhghj
heavyfish234
hediye
helinkuzen
hellboy1998
hellobaby
helloman
hellomike
helpis123
helpmelord
hemso1125
henry5
henryrollo
heppe579
hera5672
herohera
herqele
hesoyam1
hey00pups11
heyk\xc4\xb1van\xc3\xa7
hg291204
hilalim
himakat@1507
himitsu88
hislonpolat
hit1045
hm2016
hmtymn19
hnjohnhn
honda89p
hoostbank
hornets
hotmail72
hou951204
howard45
hoyk9c4x
hoylman55
hsdrhh121
hsjh3hj547
hstw82cq6z
htG46Itgm
hudson
huf7dkgd
hugo2811|
huguinho67
hulya75
hundai
huseyin7
hussienH123
hwj990324
hyperdunk
hzw8ujj766
i+h+00
i197090i
i198500k
i2170763
i2Ig7bjd1L
i61arbjb5p
iKairosv2
iNstaki11
iacolin0
iamhiphop1
ibili123
ibo5660026
ibodemirhan1
ibrahim495
ibrahim6363
ibrahimQWE91
ibrahimtr741
idiotic
iethem229977
ifa41f6wiv
iforgot
ignacy12
iichico
ike101584$
il0veMCRo3!
ilayda07
ilayda2002
ilayda2005
ilayda23
ilaydanaz54
ilhami
ilidan387755
ilkay431
ilker123A
ilker2009
ilkerberkhan
ilknur
ilknur1111
iloveKirby1|
ilovedt2121
iloveistanbu
ilovepie123
iloveyou3
iltifat
iluindiamp3
iluvme59
iluvu1983
iluvyu2309
imadork9
impazfyk729
indian
indiana1
indya123D
infernal1995
infinityward
inkspot
inkycat
innovision1
internet
inuyasha41
ip5Iy47gpB
ipek2009
irem1035
irem123
irem2323
iremnaz.
irfan0412
irina991226
irmirm482482
isaac12345
isabella1
isde63tr|
iskadak1sa1
iskitler
islamian@123
ismail
ismail123
ismail1634
ismail35
ismet19055
ispanya61
istanbul
istanbul12340
istanbul34
istanbul3436
istanbul50
istanbulfuck
isyu6972
ittakestwo
ivaisa3028
ivycecily2
izmir35
izzzzzko_17
j251098JAS
j2anet4ch
j350788732D$
j70801028
j8ul53yc2
j9spud
jack2004|
jackdavid
jackiedog1
jackribo
jacqui
jaelyn12
jahnation
jaibholenath
jaiden05
james2006$$
jamesbond007
jan@2021
jandarma87-4eray
janiah01
janjan210575
janosvoldar123|
japonsko7
jasper
jc4391
jd31anos
jefferson
jeffhardy1
jenesaispas
jennaben
jennydog17
jerbear24|
jeri044@yahoo.com
jerusalem
jesaja12
jessica
jessie
jesus64
jfa321
jhardy82
jhunjhunu123
jiggleme09
jimmy123
jiosc68
jjg090403|
jjpulses
jky8752567
jmxoqz23
jncmjm7B
jo066204
joXXiboy1
joaquin86
joetre2001
johnoh
joox9ak345
joseline888|
joshua
joshua12
jospe49za
js122940
jsamoldi
ju198506
judith1998
jujubinha35
julia4321
julie73
juliel
july1968
june182003
junebug
junior101282
just2love
justpnr
k14217
k2p33pmua
k5f8vyt7QD
k8apktc954
k91rhct5
kIkeunyw
kP144vzfuL
kW5T2WT197
kZKRwYx426
ka161723
kaan1995
kaan455455
kaan456789
kaan_1993
kaanakar
kaankaan
kaanmen10
kaanyaman
kacmalan12
kaderim
kadir123
kadircan10
kadireis1
kadirim84
kadirkadir
kadirtokat7
kadri123
kafamagore16
kahpebizans123
kahraman
kahraman123
kahraman52
kahraman58
kahramanlar74
kailane2007
kaitlin1
kaitlin3
kakabilal7
kakala999
kakaolala
kakaolu
kalabaks
kalem1131
kalkan
kallla
kalonji
kami23266
kamikaze
kamil27asd
kamout23
kana2003
kanarya1
kanarya1907
kanaryafb1010
kangal198531
kanibal+
kanka000
kankam
kankam01
kankeyta1
kanuni56
kaplan
kaplan60
karabela1959
karabiber
karagamze
karahan06
karahasan
karakartal
karakas123
karakedi83
karamaske1967
karamemi1
karanfil
karatekin1992
karayel1971
kardelen
karizma
karizma61
karsli36
kartal1078
kartal123
kartal71
kartal90
kartal99
kartalbjk
kasap1999
kasecan
kashkajonesee
kasiula12
kastamonu
kastamonu37
katheelen@2004
katie2
katil123
kaya2001
kayhan
kaylee
kayseri38
kazim6134
kcC7Iegfb
kckqzukck7
kdrcn.kdrcn
kel2391
kelebek
kelebek88
kelemnereyeg
kelle5454
kemal12345
kemal123456
kemal1991
kemal2786378
kemal3048
kemal5341
kemalmert
kemalsk35
kenan123
kenana
kenansuphi
kerem0209
kerem123
kerem2098
kerem5656
keremrs123
kerim123
kesan2003
keskinli1960
keslan01
keslanlol095
kestane12
ketekk123
khloebear
kiamphu18
kidvskat
kiikuukai
kike10jim|
kikokilo09
kimcim2002
kimlorens021
kindal
kingkong
kingoffighter99
kinta482
kiraz2701
kirill82
kissmoon1120
kittens23
kittyrainy18.
kiyafet
kj1027514
kk1994
kkA2oiQ864
kkurtkb19078
klbmgmrm28
klnpljx615
knaich5703
knigbur4k0
knights1
knockout123
kns1989
kocadere123
kocaeli41
kohner1234
koko1212
kokos500
kolfobi1
komando3
konak2002
konya42
konyaspor42
koray123
korrell2112|
korsan146
kovboy35
koz72luk72
kp8067kxg
kr12oog
kraliyet
kralkral
kralmert
kres3365
krm335533
krnanban
kskumari143
ktj00319!
ktpires102
ktvkunxc
ku811aAjeA5
kubilay123
kubilay1305
kubraayhan
kumala1234
kumbara
kumtanem
kursat123
kurtlapa58
kurudere
kutay123
kuvvetmira
kuzum1905
kvnldogit2
kvsr32
kw7hdz7469
kxys5533
ky1947100
kykYuNw917
kymc4485
kyron0420
kyung123
kzlnly1990
l2t5bQ8cjU
l3qqdcj373
l845m2
la2167805
labebe233
lacyblack1
ladiesman217
ladybaby998
lagunaseca
lais1400
lakeferry12
lakeshore
laleci
laluji
lan11pks
lana1357913
laren@23
larissa1
latex11
latrigg
laura123
laurie1
lausanne2014
lauwai16
lavadam11
lavuklar35
lazdincer
lazman499
le102Jesus!
lebron31
legolas123
leicester1
lem4348
leni2812
lenovo9669
leo20041987
leonardo2011
leqendarrow
leroyjennifer12
leroza22
lersimveck
lessie123
leudkon123
leventsok
levin1965
leylak
liamconnor
lian9912
librag329
likeag6
lillian1
lilly59574
limonata
limonlu
lind6574
linkinpark
lionel
lisa15
littlelegs
livaneli
live2Serve!
liverpool
liviaealice
lokiboy
loklok123
lokoli
lolita
lordhuso98
loredano
lorraine
loso1001
love1023
love1982
love2hate|
lovebaby101
lovelybaby
lover11
lover326
loves4ever
lualua01
lucas1910
lucifer123
lucky123
lulu1234567
lv2shp6237
m00rings
m03267825
m12d19
m16762mm
m1981m1981
m236449a
m2ou08r7
m35377984264
m3hm3t3r3m
m4leser13
m51271095
m6103017
ma141986
mabjk1903
macarena13
macera01
macplus1|
macrom
mad_1997
madafaka
madafaka1
madcona
maddog66
madison1025
madrid12
magicpoop1
mahir1131
mahmut21
maho68
maiamaia
makama29$
makanbang123
makarena2662
makaroni
maki1971
maksut2005
malatya1998
malatya44
malatya44.
malatya4434
maldonado123
malkan06
maloski
malverhero
mamanita40
mamanjetaime0
mamoste711
mangafan54
mangesh
maniac007
manimanimani
manisa45
manson369
manyak54
manzara99
maquillaje12
marako156
maraz166.
marcel22
march1986
mardin47
mareuh
mari95
maria1940@@
marialele18
marinanonolinga
mariokart123
marissa9
marius231
mark.hellyer
markwaugh666
markx055
marlboro
marmara
marrikis
martin
martys669
marvel
masasan2
masimo77
maslenitsa
massaka31
matador137
mathlaulanwar123
matkap123
matt.1624
matt12345
matthew
mavi1234
mavikral1634
max.99
max1jake
maxdelisi
maxlee37
maxoyun
maxwell41
maymun38
mazda323
mb00taat33q
mb2584
mcfly0311
mckayla
mcloco33
mcmpmrvt
md5010md
me2010
me9146732
medade
medh0812
medha786
medine
medine123
medusa
megan1
megasfurkan
meh1228
mehcan23
mehmet12
mehmet123
mehmet1453
mehmet15
mehmet1905
mehmet1907
mehmet20
mehmet42
mehmet43
mehmetalixx
mehmetalp.1
mehmetdurdu27
mehya13
mel*1987
mel122675
melek2010
melek30
melek321
melek721
melih1122
melike17
melike425
meliketrhn
melisa1975
melissa
melo1234
melody
meltem78
memo12321232
memocan1424
memoli123
memoli2003A
memoli577
memoplay13
mendes12
meninadeouro
mennis
mentaliste88
meraba
mercan
merchante107
merfer603
merguez11
merhaba
merhaba74
meric03
mermer101
mersin33
mert01140
mert1655
mert1907
mert199806
mert1998mert
mert2002
mert3455
mert5860
mertadam4545
mertaga12
mertaslan123
mertbey31
mertcamli2
mertcan123
mertcancan
mertelif
mertfb123
mertking06
mertkose08
merve1823
merve234
merve2535
mervekahraman
merveunal017
mes1978alb
metehan
metin2
metin2metin2
metinoktay
metpro
mevasu2009
mevsim2014
mfkol1995
mia@2640
miajtj
miami123
miayeg
microfoon12
miguel
mike1542012$
mike2002
milamanu12
milki.bars
milomegs
mimimi
mimishaki1990
mimo123456
minikfare
minnie11
mint2Bme
miraba53
mirkan123
mishulka
mitad124
miudas
mizhir1972
mk145316
mkl15951
mlk210888
mn256390
mng3963399
mnjhuy76
moderntalking
mogamikyoko17
mohd_7878
mojo01
mokoko
mokoko12
molly5
mollymae
molner9536
molotof52
momo1515
momogo33
mond1e@cox.net
monday
moneys02
moni1234
monique52
monkey
monkey.88!
monkeyballs713
monlue
monosk
monte8280
moorea7227
morueqq3838381
mothiba26
mounika
moydom74
mrs.bbcc70
mrt5467456261
mrtkrt.8
ms031100
msg03072002
mskaeru17
mss001
mtccr250
mu1370mu
muaz12345
muctumim
muffin
muffin34
mugen123
muhammed
muhammed058
muhammedim
muhendis72638
mumtaz1453
munch9189
munchee123.
munrotop
murat.123
murat1983
murat1984
murat611
murat75
muratabigf
muratnur
muratti3535
murberser1
murderjesus666
murderworld
murphy5712
mus001026
musady
mushlee49
mustafa
mustafa0571
mustafa1071
mustafa123
mustafa1994
mustafa2005
mustafa34
mustafa41
mustafa5
mustafaa
mustafakemal
musti1987
musty123
mutlu98
mutluyum
mutu2001
muzaffer
mvaWatV175
mw3iscool
mybaba22
mybabalove
mydog1
mylife1
mylovevevo0407
myluvs
mym32100
myoung2001
myownman
myshia
mznsysu8
n300448
n555789261
n92906N$
nC2x5ln8gC
naak2002
naber123.
nadaga15
nadirfb2323
nagrom2601Plan
nahbulursun23
nahbulursun67
nahuel2009|
nalan2003
naldo123
nalhss739
namche001
namco1162
nameyre123
namharrudba
nanpam
naruto1996
naruto1998
nasa2929
nash1414
natalia0483
natalie
nate1524
nazaruddin
ncc1701C
ndn1eUb24C
nebula61
nebyjuqez
necatidursun
nehir08
nehiryeliladenben
neilnicola
nejla65
nejlamm
neked123
nemesis666#1
neriman2004
nermin1958
nesnemarket
netg85Rr4S
neva9934
nevarlan1
newport
newyork2
nfpbric623
nguyenducthang
nick9111
nicolas8
nicole14
nielsen31
night5caster|
nightmare3
nihat23673
nikesh20
nikker
nikki99
nikolay1
niles.25
nileve
nimbus
ninja2044
nirvana1
nisanda79
nishabhat
nishu9460
nissan350z
njyat84e
nmS8nfw323
nmartins
no@094278
nokia5110
norman
nothingandeverything
nov61966
novacherub
novacriatura
novaera
novanta90.
november
nsassociates
nsicgp10005
nsicgp10750
nsicgp11559
nsicgp11803
nsicgp1554
nsicgp166
nsicgp2079
nsicgp2330
nsicgp2853
nsicgp3260
nsicgp4602
nsicgp5658
nsicgp5756
nsicgp5757
nsicgp725
nsicgp9728
ntnh9Rb143
ntw7oxc377
nunajaan007
nuray2000
nuri0101
nurseli7
nusretbedri1
nutella
nyah0812|
nzceffir
o1989k1903
o9hnntn547
oahMgPLH6A
oc247ngUcZ
october
oded15
odie123456789
oflaherty
oflu1985
oft000608
oguzfb1997
oguzhan123
oguzhan390
oguzhan43
okan1973
okan23
okanbaba53
oki3350
okidoki88
okstate1|
oktay1907
oktaykans
okul1991
olci35tr
oluwaseun
omar1978
omegaThree3
omer001994
omer2015
omer2222
omer5/b
omer73245
omerbogac
omergg17
omuglu84
onat1234
onr123455432
onur3545
onurgalatasa
openmeup2
orange
orangestone186
oreste
orhan1957
orhanads01
orlando
osPTGv9826
oscar.baldomero@balmed.ch
oskarcan55
osman1
osman123
osman123321
osmanaga23
osmann123
osu74075
others11
owlradon44
oyailknur
oyhm4pg724
oykubillth
oz123oz123
ozannn
ozge2003
ozge39750
ozgu0997
ozgu2005
ozgur123
ozguralper
p2532523
pACKERS1
pBon&/*.
packers
page5001880
pagedown
pagedown1938
pain.look
painho41
paiton02|
pampanga1234
panchito20
pandora010
pang210938
panter76
panterlord1997
paola171198
papi098000
papigrace161094
paradisse
paradox
parker08
parola1903
paryosha1982
pasa1995
paskal45
paspas1
paspolten
passport
password
password12
passwordis75RS
patates1994beko
patience
paulinA123
paulo67
payde914
pbncassie
pdnejoh41
peaches439
pegasus2
pegasus97
peixoto52
pekken99999
pelin12145
pelin1967
pelins96
penbosimis
penguins
pepper96
pepperoni007
per45fer
personel123
pervin2112
petakraus
pfMYu7hW
pikinq25
pilar128
pinar385
pinpinpin
pks123456
plan1234
playboy78
playsnooker
please
plnusr02
ploggins
plumdesk717
plutoz2000
pnd10garo
pnt8skt
po09qw12.
pocholoco
pokecan
pokemon
pokemon278410
polat1990
polat2002
polat2007
polatalemdar_232
polaterin
poloteam1
pomegranate6
pommiers
poodle13
poohbear
poolshark
pop123
popparty9
poppy55
porchknow1|
portakal
poseidon11
potter53
power1903
power648
poyraznehir2008
pr3st1g3
pradam
prarie
prattjakob123|
prensesgokce
prestons4
princeemmanuel
princess1
printesa2
priyanka
procular123
profil123
profilo16
prospanica1
protetora
pst.klgrth.io/paste/a2fwm/raw
psu123456
puffin
pussycatdoll
pw41611
pwrofelfs
q123456789w
q123qwer
q123w456
q135790w
q1dCn7Ad
q1w2e3r4t5y6
q31Resel
q852456q
qawsed
qaz312Apple#
qazedc159A
qazwsx
qazwsxedc61
qazwsxedcrfv
qccgut9846
qhds39oo
qkHiLZHuPbAbc1TPRKzj6paWj
qq123456789
qq20072000qq
qqq111qqq
qse23w22
qu35q0rt90
quaresma3344
queensmead
qwaszx12
qwe12345
qwe3858861
qweasd123
qweasdzxc123
qweasdzxc54
qwehqwek41
qweqwe01
qweqwe1
qweqwe123
qweqwe35
qweqwe789
qweqweqwe55
qwer1234
qwer4766
qwerqwer
qwerty
qwerty34
qwpTy244aV
qwqw123123
qwu42dda
qxkmgnu825
r0lum24ur
r22Dhzpp6D
r29257829
r4dkl3eN!
r5804301p
r6sNgy4u5U
r828p356
r8Wody9x9N
rM99q0kIJOK8N79KI4tj1cZvk
rQ3c19urjI
rZafu515iI
rabbit2009
racers44
rachel1027
rachlilly
racing6714
radar7676
raf10021991
rag7ahna
rahul8299
raj100k
ram42314
ramijos123
ranger
rankco
rap-99
rap8080
rapter224
rasengan55
rasgele
raul98
ravenon10
rawand12
razor1990
rbh6952
rcarlos
rd77g8bp
re210870
re470905
realmadrid
realmadrid7
realmadrid77
reaper1510
rebelde123
rebirth7@
recep37sen
recep549
recepit-0
recepu
reddwarf1
redrum
redwings5
reebeke9
regina1945
rehakocaba
reklam34
relqk59100
remember
reneesme2010
reney26
reno191970
resimler
resindent123
resul123
reuters
revolution
rex35ishlkjhgf
rexosman
rhino123|
richard
richnewk2197!
rico1998XD
riley1963!
ripper24
rnppll1aq
ro132628
robec61
roblox22|
robotech
roce12
rocominnie
roda69
rodrigotello
rogui93
rogunhqym
rojie1294
romain01
ronaldo
roundbanana150
rovers99
row69ttx7y
roxydoodle1
roykeane16
rqtg4wu997
rrana789!
rrttee444
rsd3113311
rtulen
ruanut
rufina
rvrb1072
rweswcwb
rxjqb35yt
ryan25
ryanHoff98!
s0mmerflieder.
s1lv3r769|
s1s7s9s3
s3r3n!ty|
s4d3y6tvEI
s4m1210the
s5c5rops
s6LWXo6895
s7P5KL5u@
s941104123
saat12.216
sabina
sad1love2story
sada5sugu
sadasa123
sadrazam61
sagittarius
sagokf59
sagokoliq123
sahin1045
sahteka2
said12345
sakarya
sakarya1965
sakarya54
sakarya96
sakine2003
sakrt2134
salahaldin87
salak54
salakys
salih1453
salih55
salla123
sallama
samanyolu
samera
samet1234
sametd
sametnova61
sametsamet1
samoura12
samsun55
samsun5531
samsung
samsung1905
samsunlu
samsunlu55
samsunspor55
samuel
samuray123
samuray9
sanab4kt1m
sanalika1
sanane
sanane07
sanane09
sanane123
sanane1947
sanane2121
sanane5353
sanane55
sanane61
sananeaq1231
sananebe18
sananeki
sananelan00
sananemk2
sananeolum20
sandra
sandy7065
sanenelanmal123
sansar
sanver654
sara2011
saraykoy
sarex123
sarika03
sarman00
sarswati
sasa01270539226
satishuma
sativa
savas131
sb369124
sbqrhjq1b
scarlett35
scarlett9
schnuppe59
scilla
scooby
scorpion1648
sd1co24JgT
sd8ax6m4
sdfd3fdf234
sdr5gc702
sdsadEE23
sea35ircs
sebebimsin
sebo1511
sebos3127
seda333
sedanur79
sedatbahar1
sedef123456
sefa1687
sefa2000
sefa6161
sefa90
sefatosun28
seko123123
selam123
selda6119
selena
selena123
selin2003
selin_2002
selman545454
semanur
sementedefogo
senbenonur1
sendebeni14
sendelisin
senden123
senorita65496
senser
senses99
sensilm12398
sentez
senveben05
senveben31
ser123
ser17can
ser27kan
ser3562225
serap34
serat123
sercan11
sercanalp
serdar06
serefkurt161
serhat09
serhat1998
serife
seriton15
serkan
serkan123
serkan53
serkan92
serman
serseri
servet153624
servet58
sesese21
sevcan
sevda0673
sevdaata
sevdo97.
sevgi1970
sevketcbn123
seyma-123
seyyah413
sezer123
sferofisa
shail1990
shakuntala83
shay12
shayne819245
shelby01
shelley2
sherlock
shifazubair1A
shift98
shilpaa
shinsya1993
shiriken123
shndwuj564
shzq5577
siana123
sibel1996
sibelim1185
siearra01
siffatullah17
sifre123
sifresifre
signeR69
sil7513
silver04
silverapple262
silverbanana637
simao888
simsyeah
sinanbeyza
sindiru12!
single77
sinop57
site1234
siu2406
sivas1967
sivasspor
six123456
siyah2000
siyahoje
sj141602
sk6272743
skins123
skip5864
skipper
sktsymgb1907
skypaper
sl7yt1234
slayerpro21
slowae86
slrkanjsep
smelly
smlvnqut0
smnr84
smtgs.252
sn-m7143
snehap
snghq5r5
sniper83
snowball58
soccer00
soccer13!
softball12
sokak1910
solbon00
solder5454
solene72
soloz141
soner55
song3020
sonsaral53
sonsuzkra
sooty1
sossos11
sosyolog
soufelicidade
soulplaya
southeast
sovalye26
sp130961
sp2winxpa
spankimo1
spark2003
spartans24
spasiva12
spider
spitfire
spliff1
spongebob
sporgiyim1
sports112200
spoteao06
spunky40
squarebottle77
squarehouse46
srkn1980
ss66776677
ssslll1
sssss01245
ssuet+2027
stafford1
startrek
startrek1
stasstas
steaua3ever
stella
steve22
stevea
stirling
strongboat181
sttiyuqo
stuttgart17
suat9090
subwoofer1377
sudeceyda
sugarcoma
suhadinu28
sukru1905
sukrupasa2000
suleyman29
sulo1982
summer0618
sunarab
sunny100
sunnyleith6
super123
superbaba
surades99
surat1048
susamk123
sutb811obn
svetle08
swarley294
sweep123
sweetie25
sweetieheart
sweeto123
swimming
sxa540sxa
szentendre
t031169w
t1s2h3a4r5T
tG3qe3r4cY
ta001984
tabletop
tahirkhan
tahta123
taiwo12345
talha5555
talhabjk1903
talhaq1w2e3r4
talip123
tamahomi!!!
tamer012
tamer1907
tamsyn
tancar
taner1985
taner225
tangly93
tanjakan31
tansever1
taozen1369
taraftar12
tarasu
tarik2820000
tarkan
tatiana
tatou2
tay952yab0021
tayfun2775
taylan06
tazmania
tazzzman
teamomeudeus
ted0rbs896
teddy100
teddybear
tejass
tejyte21
tekkafa
teladan3
telefon666
televizyon
teloecvn
temmuz
temmuz07
temmuz23
teoman
terapici123
teratani
terds123
terlik
terminator
terzi335281k
tesp1990
testere123
teteriito
tetuom33.
tfisher
tg2KE1Adm!
tgkyJ935kL
tgs11908
thakurji
theboys3
thedream22
themerperson
thisismypassword
thomas
thompsl2
thunder
thuvu9891
ti32tks857
tiane835
tiffin
tigerclaw2
tigers14
tigez2006
tikitiki
tinercim
titefolle
tj950806
toconnor
tokai2
tolgaabi1
tolgatak
tooting98
torent123
toros123
towson
toxicc
toyota42
tqwertyu
trabzon61
trabzonlu61
trbzntr61
tribe95
tricolor1245
trixie99
trope122
trouser44
trucker
ts1aslan
ts616161
tschechien1995
tser67de
tsi140jetta
ttdwyn2q
tu.lay.06
tu6tugre!
tuana0635
tuanna87
tuba2357
tufanemre123
tufanfb16
tuna6734
tunahan
tunahan5373
tunahan934
tur9ku9az76
turcios123
turkerim
turkiye
turkuaz
tuti12345
tutkun2008581029
tuttut
tutty0
twilight95
tyouba251958#
tyuuyt123
u0HgtKt617
u0l7a1y5
u2pr81lsVD
u8uuFp99uV
uQA9Ebw445
ufebmjrrctxbo
ufuk123
ufuk1903
ugur_1177
ugurbaba452
uguugu5710
uh3cyhi963
ukbecim
ukconsul
ultrAslan35
ulumertdeniz
ulutas
umka1441
umut123
umut1234
umut12345
umut2012
umutbjk1903
umutksk3525
umutlord12q
unabesh012
unehypupu
united
universal**
unlv0786
unos800
unuttum31
uo1771
urjxqktt
uryjysane
usame123
userejybe
usqrhuqx
usumematy
utaqynuja
utyjuzupa
uyad471tHI
uzay2155
v1200446
va285181
vallahde
vasco23
vaskov62
vaslan3243
vatak1903
vcert42
vectra
veereshvt84
vemesajep
vencer39
ver112334
verde10
vertiko0671
viGGo123
vic1996
victoria
vikings23
vineli
viq2ys2j
virendr@10
viti98
vivi8181
vivismar
vmc1977
voleybol
volkan
volkan17
volkan19
volkan41
volkman
volleybal!5
volnurcan
voodoo11|
voyages@123
vurxwttqk22
w1233465789.
w3gaQGLF
w9Kgvae5x!
waellwaell011
waho098ME
walking
wampiradam
wanker
wanted12
wapda141989
warcraft12
warez123
warren
washingt0n
wd3e1S8ycV
welcome77
wellie
werelini44
wewereborntodie
whiskers1
whislex7
white3091
who2022tr
wileydog21
wilkerson123
will102030
windex
winnerwinner123
winston88
wisdom117
wisdom155
wishingthebest
wishingwell
wizkhalifa30kM
wjy545689
wnud56okb
wonderdog
wonkamelek
woodford1
woodpocket
wow12345
wpsdlso285
wq878zef
wrwFf212uU
wsqrisfk
wtjbnlu146
wtkztlw3
www123www
wwwooo1234
wyabx5
x1x2x3x4
xVm6hVE263
xXeRWWu8
xac8ut
xanadu
xanadu12
xaxim33
xbolkarx
xchzo8a261
xfddxayum
xfzckjb346
xiringasz02
xirrkrcw7
xpptracke22
xtseo2011TDX
xuyou724
xw5najhk+
xwxwanne3
xx019821
xx15987xx
xxmalxx55
xxtrxx00
xxx123789asd
xxxqqq111
xxxxxx
xxzekaxx
xyz246XYZ
xz4lH8ya7K
y3n1c3l1
yabdiel0|
yagmur2004
yakamoz
yalova
yaman2548
yancar123
yasaci
yasak_61
yasaryasar0
yasen1998
yasin123
yasin2001
yasir1987
yaso451442
yavuzemmi07
yediyedi
yeehin531
yeldam
yellowbook223
yellowbook25
yellowglove669
yeni1234
yenidamla
yenihayat
yeuvanh0
yezson101
ygt170503
yigido1905
yigit1116
yigit1212
yigit123
yigit2007
yildiz05
yilmaz99
yinka1
yirmidort
ylcn67
yok123
young2VE
youthcafe
yrysuvysy
ysfb2009
ytutynypy
yuantuo2012
yumurcak
yun3427yun
yunus4141
yurttutan50
yusuf12345
yusufkaan1
yuyu1976
yxog2g1344
yxtr7S31eX
yy178178
z112233
z1x2c345
z2W32X80@
z7cbcqW88I
zDLy18edfr
zXWumvS582
za3np5o4a
za856744
zaaxde31
zacefc16eb
zack231511|
zafer123
zahit123
zalimcan21
zaman12345
zamanx
zander
zaozao67
zaq12wsx
zb4q5vn9za
zbunvqheevfi
zeeshan1590
zehra1998
zeliha41
zeynep02
zeynep13
zeynep19
zeynep2001
zeynep25
zeynep4157
zeynepgazanf
zeynepkurt
zeynepnaz
zeyno987
zeytinyaglid
zeyzey01
zezecrpcrp
zhaoyun1
zimbabwe08
zjck25qqf
zm0158
zmnland41
znsduuo819
zoozoofly
zpzp5004
zu-awa
zuhal123
zulf1234
zulfen
zvis0yf699
zxavw8u266
zxcv9880730
zxcvbn
zxcvbnm
zxczxc98
